1642618866403	mozrunner::runner	INFO	Running command: "C:\\Program Files\\Firefox Developer Edition\\firefox.exe" "-marionette" "-foreground" "-no-remote" "-profile" "C:\\Users\\Ian\\AppData\\Local\\Temp\\rust_mozprofilexRQmQd"
1642618866674	Marionette	INFO	Marionette enabled
JavaScript error: resource://gre/modules/XULStore.jsm, line 66: Error: Can't find profile directory.
console.warn: SearchSettings: "get: No settings file exists, new profile?" (new NotFoundError("Could not open the file at C:\\Users\\Ian\\AppData\\Local\\Temp\\rust_mozprofilexRQmQd\\search.json.mozlz4", (void 0)))
1642618868372	Marionette	INFO	Listening on port 58548
1642618868445	RemoteAgent	WARN	TLS certificate errors will be ignored for this session
console.error: "Error while calling actor 'pagestyle's method 'getApplied'" "can't access property \"rawNode\", node is null"
console.error: (new TypeError("can't access property \"rawNode\", node is null", "resource://devtools/server/actors/page-style.js", 570))
console.error: (new TypeError("can't access property \"on\", nodeFront.walkerFront is null", "resource://devtools/client/inspector/markup/markup.js", 956))
TypeError: can't access property "on", nodeFront.walkerFront is null: _onNewSelection@resource://devtools/client/inspector/markup/markup.js:956:7
_emit@resource://devtools/shared/event-emitter.js:244:34
emit@resource://devtools/shared/event-emitter.js:190:18
emit@resource://devtools/shared/event-emitter.js:342:18
setNodeFront@resource://devtools/client/framework/selection.js:206:10
onDetached@resource://devtools/client/inspector/inspector.js:1676:20
_emit@resource://devtools/shared/event-emitter.js:244:34
emit@resource://devtools/shared/event-emitter.js:190:18
emit@resource://devtools/shared/event-emitter.js:342:18
_onMutations@resource://devtools/client/framework/selection.js:104:12
_emit@resource://devtools/shared/event-emitter.js:244:34
emit@resource://devtools/shared/event-emitter.js:190:18
emit@resource://devtools/shared/event-emitter.js:342:18
getMutations@resource://devtools/client/fronts/walker.js:311:10

console.error: (new Error("Can not send request 'getUniqueSelector' because front 'domnode' is already destroyed.", "resource://devtools/shared/protocol/Front/FrontClassWithSpec.js", 28))
console.error: (new TypeError("can't access property \"getFront\", container.node.targetFront is null", "resource://devtools/client/inspector/markup/markup.js", 2320))
JavaScript error: resource://devtools/client/inspector/rules/rules.js, line 1098: TypeError: can't access property "populate", this._elementStyle is null
console.error: (new Error("Protocol error (TypeError): can't access property \"rawNode\", node is null from: server0.conn0.windowGlobal8589934593/pagestyle26 (resource://devtools/server/actors/page-style.js:570:5)", "resource://devtools/shared/protocol/Front.js", 365))
console.error: (new TypeError("can't access property \"treeChildren\", parent is null", "resource://devtools/client/inspector/shared/style-change-tracker.js", 67))
TypeError: can't access property "treeChildren", parent is null: canMutationImpactCurrentStyles@resource://devtools/client/inspector/shared/style-change-tracker.js:67:24
onMutations@resource://devtools/client/inspector/shared/style-change-tracker.js:84:41
_emit@resource://devtools/shared/event-emitter.js:244:34
emit@resource://devtools/shared/event-emitter.js:190:18
emit@resource://devtools/shared/event-emitter.js:342:18
getMutations@resource://devtools/client/fronts/walker.js:311:10

console.error: (new TypeError("can't access property \"treeChildren\", parent is null", "resource://devtools/client/inspector/shared/style-change-tracker.js", 67))
TypeError: can't access property "treeChildren", parent is null: canMutationImpactCurrentStyles@resource://devtools/client/inspector/shared/style-change-tracker.js:67:24
onMutations@resource://devtools/client/inspector/shared/style-change-tracker.js:84:41
_emit@resource://devtools/shared/event-emitter.js:244:34
emit@resource://devtools/shared/event-emitter.js:190:18
emit@resource://devtools/shared/event-emitter.js:342:18
getMutations@resource://devtools/client/fronts/walker.js:311:10

console.error: (new TypeError("can't access property \"treeChildren\", parent is null", "resource://devtools/client/inspector/shared/style-change-tracker.js", 67))
TypeError: can't access property "treeChildren", parent is null: canMutationImpactCurrentStyles@resource://devtools/client/inspector/shared/style-change-tracker.js:67:24
onMutations@resource://devtools/client/inspector/shared/style-change-tracker.js:84:41
_emit@resource://devtools/shared/event-emitter.js:244:34
emit@resource://devtools/shared/event-emitter.js:190:18
emit@resource://devtools/shared/event-emitter.js:342:18
getMutations@resource://devtools/client/fronts/walker.js:311:10

console.error: (new TypeError("can't access property \"treeChildren\", parent is null", "resource://devtools/client/inspector/shared/style-change-tracker.js", 67))
TypeError: can't access property "treeChildren", parent is null: canMutationImpactCurrentStyles@resource://devtools/client/inspector/shared/style-change-tracker.js:67:24
onMutations@resource://devtools/client/inspector/shared/style-change-tracker.js:84:41
_emit@resource://devtools/shared/event-emitter.js:244:34
emit@resource://devtools/shared/event-emitter.js:190:18
emit@resource://devtools/shared/event-emitter.js:342:18
getMutations@resource://devtools/client/fronts/walker.js:311:10

console.error: (new TypeError("can't access property \"treeChildren\", parent is null", "resource://devtools/client/inspector/shared/style-change-tracker.js", 67))
TypeError: can't access property "treeChildren", parent is null: canMutationImpactCurrentStyles@resource://devtools/client/inspector/shared/style-change-tracker.js:67:24
onMutations@resource://devtools/client/inspector/shared/style-change-tracker.js:84:41
_emit@resource://devtools/shared/event-emitter.js:244:34
emit@resource://devtools/shared/event-emitter.js:190:18
emit@resource://devtools/shared/event-emitter.js:342:18
getMutations@resource://devtools/client/fronts/walker.js:311:10

console.error: (new TypeError("can't access property \"treeChildren\", parent is null", "resource://devtools/client/inspector/shared/style-change-tracker.js", 67))
TypeError: can't access property "treeChildren", parent is null: canMutationImpactCurrentStyles@resource://devtools/client/inspector/shared/style-change-tracker.js:67:24
onMutations@resource://devtools/client/inspector/shared/style-change-tracker.js:84:41
_emit@resource://devtools/shared/event-emitter.js:244:34
emit@resource://devtools/shared/event-emitter.js:190:18
emit@resource://devtools/shared/event-emitter.js:342:18
getMutations@resource://devtools/client/fronts/walker.js:311:10

JavaScript error: resource://activity-stream/lib/PersonalityProvider/PersonalityProvider.jsm, line 68: TypeError: http://%(server)s/dummy/blocklist// is not a valid URL.
JavaScript error: resource://activity-stream/lib/PersonalityProvider/PersonalityProvider.jsm, line 68: TypeError: http://%(server)s/dummy/blocklist// is not a valid URL.
JavaScript error: resource://activity-stream/lib/PersonalityProvider/PersonalityProvider.jsm, line 68: TypeError: http://%(server)s/dummy/blocklist// is not a valid URL.
JavaScript error: resource://activity-stream/lib/PersonalityProvider/PersonalityProvider.jsm, line 68: TypeError: http://%(server)s/dummy/blocklist// is not a valid URL.
JavaScript error: resource://activity-stream/lib/PersonalityProvider/PersonalityProvider.jsm, line 68: TypeError: http://%(server)s/dummy/blocklist// is not a valid URL.
JavaScript error: resource://activity-stream/lib/PersonalityProvider/PersonalityProvider.jsm, line 68: TypeError: http://%(server)s/dummy/blocklist// is not a valid URL.
JavaScript error: , line 0: NotFoundError: No such JSWindowActor 'DevToolsFrame'
JavaScript error: resource://activity-stream/lib/PersonalityProvider/PersonalityProvider.jsm, line 68: TypeError: http://%(server)s/dummy/blocklist// is not a valid URL.
JavaScript error: resource://activity-stream/lib/PersonalityProvider/PersonalityProvider.jsm, line 68: TypeError: http://%(server)s/dummy/blocklist// is not a valid URL.
JavaScript error: resource://activity-stream/lib/PersonalityProvider/PersonalityProvider.jsm, line 68: TypeError: http://%(server)s/dummy/blocklist// is not a valid URL.
JavaScript error: resource://activity-stream/lib/PersonalityProvider/PersonalityProvider.jsm, line 68: TypeError: http://%(server)s/dummy/blocklist// is not a valid URL.
console.error: (new TypeError("can't access property \"treeChildren\", parent is null", "resource://devtools/client/inspector/shared/style-change-tracker.js", 67))
TypeError: can't access property "treeChildren", parent is null: canMutationImpactCurrentStyles@resource://devtools/client/inspector/shared/style-change-tracker.js:67:24
onMutations@resource://devtools/client/inspector/shared/style-change-tracker.js:84:41
_emit@resource://devtools/shared/event-emitter.js:244:34
emit@resource://devtools/shared/event-emitter.js:190:18
emit@resource://devtools/shared/event-emitter.js:342:18
getMutations@resource://devtools/client/fronts/walker.js:311:10

console.error: (new TypeError("can't access property \"on\", nodeFront.walkerFront is null", "resource://devtools/client/inspector/markup/markup.js", 956))
TypeError: can't access property "on", nodeFront.walkerFront is null: _onNewSelection@resource://devtools/client/inspector/markup/markup.js:956:7
_emit@resource://devtools/shared/event-emitter.js:244:34
emit@resource://devtools/shared/event-emitter.js:190:18
emit@resource://devtools/shared/event-emitter.js:342:18
setNodeFront@resource://devtools/client/framework/selection.js:206:10
onDetached@resource://devtools/client/inspector/inspector.js:1676:20
_emit@resource://devtools/shared/event-emitter.js:244:34
emit@resource://devtools/shared/event-emitter.js:190:18
emit@resource://devtools/shared/event-emitter.js:342:18
_onMutations@resource://devtools/client/framework/selection.js:104:12
_emit@resource://devtools/shared/event-emitter.js:244:34
emit@resource://devtools/shared/event-emitter.js:190:18
emit@resource://devtools/shared/event-emitter.js:342:18
getMutations@resource://devtools/client/fronts/walker.js:311:10

console.error: (new Error("Can not send request 'getUniqueSelector' because front 'domnode' is already destroyed.", "resource://devtools/shared/protocol/Front/FrontClassWithSpec.js", 28))
console.error: (new TypeError("can't access property \"getFront\", container.node.targetFront is null", "resource://devtools/client/inspector/markup/markup.js", 2320))
console.error: (new TypeError("can't access property \"treeChildren\", parent is null", "resource://devtools/client/inspector/shared/style-change-tracker.js", 67))
TypeError: can't access property "treeChildren", parent is null: canMutationImpactCurrentStyles@resource://devtools/client/inspector/shared/style-change-tracker.js:67:24
onMutations@resource://devtools/client/inspector/shared/style-change-tracker.js:84:41
_emit@resource://devtools/shared/event-emitter.js:244:34
emit@resource://devtools/shared/event-emitter.js:190:18
emit@resource://devtools/shared/event-emitter.js:342:18
getMutations@resource://devtools/client/fronts/walker.js:311:10

console.error: (new TypeError("can't access property \"treeChildren\", parent is null", "resource://devtools/client/inspector/shared/style-change-tracker.js", 67))
TypeError: can't access property "treeChildren", parent is null: canMutationImpactCurrentStyles@resource://devtools/client/inspector/shared/style-change-tracker.js:67:24
onMutations@resource://devtools/client/inspector/shared/style-change-tracker.js:84:41
_emit@resource://devtools/shared/event-emitter.js:244:34
emit@resource://devtools/shared/event-emitter.js:190:18
emit@resource://devtools/shared/event-emitter.js:342:18
getMutations@resource://devtools/client/fronts/walker.js:311:10

console.error: (new TypeError("can't access property \"treeChildren\", parent is null", "resource://devtools/client/inspector/shared/style-change-tracker.js", 67))
TypeError: can't access property "treeChildren", parent is null: canMutationImpactCurrentStyles@resource://devtools/client/inspector/shared/style-change-tracker.js:67:24
onMutations@resource://devtools/client/inspector/shared/style-change-tracker.js:84:41
_emit@resource://devtools/shared/event-emitter.js:244:34
emit@resource://devtools/shared/event-emitter.js:190:18
emit@resource://devtools/shared/event-emitter.js:342:18
getMutations@resource://devtools/client/fronts/walker.js:311:10

console.error: (new TypeError("can't access property \"treeChildren\", parent is null", "resource://devtools/client/inspector/shared/style-change-tracker.js", 67))
TypeError: can't access property "treeChildren", parent is null: canMutationImpactCurrentStyles@resource://devtools/client/inspector/shared/style-change-tracker.js:67:24
onMutations@resource://devtools/client/inspector/shared/style-change-tracker.js:84:41
_emit@resource://devtools/shared/event-emitter.js:244:34
emit@resource://devtools/shared/event-emitter.js:190:18
emit@resource://devtools/shared/event-emitter.js:342:18
getMutations@resource://devtools/client/fronts/walker.js:311:10

console.error: (new TypeError("can't access property \"treeChildren\", parent is null", "resource://devtools/client/inspector/shared/style-change-tracker.js", 67))
TypeError: can't access property "treeChildren", parent is null: canMutationImpactCurrentStyles@resource://devtools/client/inspector/shared/style-change-tracker.js:67:24
onMutations@resource://devtools/client/inspector/shared/style-change-tracker.js:84:41
_emit@resource://devtools/shared/event-emitter.js:244:34
emit@resource://devtools/shared/event-emitter.js:190:18
emit@resource://devtools/shared/event-emitter.js:342:18
getMutations@resource://devtools/client/fronts/walker.js:311:10

JavaScript error: resource://activity-stream/lib/PersonalityProvider/PersonalityProvider.jsm, line 68: TypeError: http://%(server)s/dummy/blocklist// is not a valid URL.
JavaScript error: resource://activity-stream/lib/PersonalityProvider/PersonalityProvider.jsm, line 68: TypeError: http://%(server)s/dummy/blocklist// is not a valid URL.
JavaScript error: resource://activity-stream/lib/PersonalityProvider/PersonalityProvider.jsm, line 68: TypeError: http://%(server)s/dummy/blocklist// is not a valid URL.
JavaScript error: resource://activity-stream/lib/PersonalityProvider/PersonalityProvider.jsm, line 68: TypeError: http://%(server)s/dummy/blocklist// is not a valid URL.
JavaScript error: resource://activity-stream/lib/PersonalityProvider/PersonalityProvider.jsm, line 68: TypeError: http://%(server)s/dummy/blocklist// is not a valid URL.
JavaScript error: resource://activity-stream/lib/PersonalityProvider/PersonalityProvider.jsm, line 68: TypeError: http://%(server)s/dummy/blocklist// is not a valid URL.
JavaScript error: resource://activity-stream/lib/PersonalityProvider/PersonalityProvider.jsm, line 68: TypeError: http://%(server)s/dummy/blocklist// is not a valid URL.
JavaScript error: resource://activity-stream/lib/PersonalityProvider/PersonalityProvider.jsm, line 68: TypeError: http://%(server)s/dummy/blocklist// is not a valid URL.
JavaScript error: resource://activity-stream/lib/PersonalityProvider/PersonalityProvider.jsm, line 68: TypeError: http://%(server)s/dummy/blocklist// is not a valid URL.
JavaScript error: resource://activity-stream/lib/PersonalityProvider/PersonalityProvider.jsm, line 68: TypeError: http://%(server)s/dummy/blocklist// is not a valid URL.
JavaScript error: resource://activity-stream/lib/PersonalityProvider/PersonalityProvider.jsm, line 68: TypeError: http://%(server)s/dummy/blocklist// is not a valid URL.
JavaScript error: resource://activity-stream/lib/PersonalityProvider/PersonalityProvider.jsm, line 68: TypeError: http://%(server)s/dummy/blocklist// is not a valid URL.
JavaScript error: resource://activity-stream/lib/PersonalityProvider/PersonalityProvider.jsm, line 68: TypeError: http://%(server)s/dummy/blocklist// is not a valid URL.
1642626968933	mozrunner::runner	INFO	Running command: "C:\\Program Files\\Firefox Developer Edition\\firefox.exe" "-marionette" "-foreground" "-no-remote" "-profile" "C:\\JavaScript error: resource://gre/modules/AsyncShutdown.jsm, line 575: NotFoundError: No such JSWindowActor 'DevToolsFrame'
1642626973386	Marionette	INFO	Stopped listening on port 58548
JavaScript error: chrome://remote/content/marionette/cert.js, line 55: NS_ERROR_NOT_AVAILABLE: Component returned failure code: 0x80040111 (NS_ERROR_NOT_AVAILABLE) [nsICertOverrideService.setDisableAllSecurityChecksAndLetAttackersInterceptMyData]

###!!! [Parent][PGPUParent] Error: RunMessage(msgname=PGPU::Msg_ShutdownVR) Channel closing: too late to send/recv, messages will bJavaScript error: resource://activity-stream/lib/PersonalityProvider/PersonalityProvider.jsm, line 68: TypeError: http://%(server)s/dummy/blocklist// is not a valid URL.
JavaScript error: resource://activity-stream/lib/PersonalityProvider/PersonalityProvider.jsm, line 68: TypeError: http://%(server)s/dummy/blocklist// is not a valid URL.
JavaScript error: resource://activity-stream/lib/PersonalityProvider/PersonalityProvider.jsm, line 68: TypeError: http://%(server)s/dummy/blocklist// is not a valid URL.
JavaScript error: resource://activity-stream/lib/PersonalityProvider/PersonalityProvider.jsm, line 68: TypeError: http://%(server)s/dummy/blocklist// is not a valid URL.
JavaScript error: resource://activity-stream/lib/PersonalityProvider/PersonalityProvider.jsm, line 68: TypeError: http://%(server)s/dummy/blocklist// is not a valid URL.
JavaScript error: resource://activity-stream/lib/PersonalityProvider/PersonalityProvider.jsm, line 68: TypeError: http://%(server)s/dummy/blocklist// is not a valid URL.
JavaScript error: resource://activity-stream/lib/PersonalityProvider/PersonalityProvider.jsm, line 68: TypeError: http://%(server)s/dummy/blocklist// is not a valid URL.
JavaScript error: resource://activity-stream/lib/PersonalityProvider/PersonalityProvider.jsm, line 68: TypeError: http://%(server)s/dummy/blocklist// is not a valid URL.
1642629436067	geckodriver	INFO	Listening on 127.0.0.1:60125
1642629436501	mozrunner::runner	INFO	Running command: "/usr/bin/firefox" "--marionette" "--remote-debugging-port" "49269" "-no-remote" "-profile" "/tmp/rust_mozprofilekT1mre"
Error: no DISPLAY environment variable specified
1642629436808	geckodriver	INFO	Listening on 127.0.0.1:34405
1642629436813	mozrunner::runner	INFO	Running command: "/usr/bin/firefox" "--marionette" "--remote-debugging-port" "49379" "-no-remote" "-profile" "/tmp/rust_mozprofileMFh1lQ"
Error: no DISPLAY environment variable specified
1642629847199	geckodriver	INFO	Listening on 127.0.0.1:33733
1642629847585	mozrunner::runner	INFO	Running command: "/usr/bin/firefox" "--marionette" "--remote-debugging-port" "44047" "-no-remote" "-profile" "/tmp/rust_mozprofilebIi8lT"
Error: no DISPLAY environment variable specified
1642629847791	geckodriver	INFO	Listening on 127.0.0.1:34387
1642629847795	mozrunner::runner	INFO	Running command: "/usr/bin/firefox" "--marionette" "--remote-debugging-port" "50965" "-no-remote" "-profile" "/tmp/rust_mozprofileFnk2ch"
Error: no DISPLAY environment variable specified
1642637316676	geckodriver	INFO	Listening on 127.0.0.1:58797
1642637317177	mozrunner::runner	INFO	Running command: "/usr/bin/firefox" "--marionette" "--remote-debugging-port" "33723" "-no-remote" "-profile" "/tmp/rust_mozprofilemW3ooR"
Error: no DISPLAY environment variable specified
1642637317384	geckodriver	INFO	Listening on 127.0.0.1:55511
1642637317388	mozrunner::runner	INFO	Running command: "/usr/bin/firefox" "--marionette" "--remote-debugging-port" "36055" "-no-remote" "-profile" "/tmp/rust_mozprofileSpXcwS"
Error: no DISPLAY environment variable specified
1642680210665	geckodriver	INFO	Listening on 127.0.0.1:59991
1642680211076	mozrunner::runner	INFO	Running command: "/usr/bin/firefox" "--marionette" "--remote-debugging-port" "56839" "-no-remote" "-profile" "/tmp/rust_mozprofilepneggJ"
Error: no DISPLAY environment variable specified
1642680211384	geckodriver	INFO	Listening on 127.0.0.1:42301
1642680211389	mozrunner::runner	INFO	Running command: "/usr/bin/firefox" "--marionette" "--remote-debugging-port" "58523" "-no-remote" "-profile" "/tmp/rust_mozprofileVcIoaB"
Error: no DISPLAY environment variable specified
1642723671310	geckodriver	INFO	Listening on 127.0.0.1:47973
1642723671554	mozrunner::runner	INFO	Running command: "/usr/bin/firefox" "--marionette" "--remote-debugging-port" "41881" "-no-remote" "-profile" "/tmp/rust_mozprofilefleagS"
Error: no DISPLAY environment variable specified
1642723673072	geckodriver	INFO	Listening on 127.0.0.1:34135
1642723673079	mozrunner::runner	INFO	Running command: "/usr/bin/firefox" "--marionette" "--remote-debugging-port" "46389" "-no-remote" "-profile" "/tmp/rust_mozprofilerArJSK"
Error: no DISPLAY environment variable specified
1642766612930	geckodriver	INFO	Listening on 127.0.0.1:43163
1642766613452	mozrunner::runner	INFO	Running command: "/usr/bin/firefox" "--marionette" "--remote-debugging-port" "46323" "-no-remote" "-profile" "/tmp/rust_mozprofilepjUzNf"
Error: no DISPLAY environment variable specified
1642766613761	geckodriver	INFO	Listening on 127.0.0.1:54447
1642766613766	mozrunner::runner	INFO	Running command: "/usr/bin/firefox" "--marionette" "--remote-debugging-port" "51123" "-no-remote" "-profile" "/tmp/rust_mozprofileLFEFud"
Error: no DISPLAY environment variable specified
1642810046078	geckodriver	INFO	Listening on 127.0.0.1:48199
1642810046498	mozrunner::runner	INFO	Running command: "/usr/bin/firefox" "--marionette" "--remote-debugging-port" "41201" "-no-remote" "-profile" "/tmp/rust_mozprofileuO3nIx"
Error: no DISPLAY environment variable specified
1642810048719	geckodriver	INFO	Listening on 127.0.0.1:58643
1642810048725	mozrunner::runner	INFO	Running command: "/usr/bin/firefox" "--marionette" "--remote-debugging-port" "35079" "-no-remote" "-profile" "/tmp/rust_mozprofileO47eAY"
Error: no DISPLAY environment variable specified
1642853068592	geckodriver	INFO	Listening on 127.0.0.1:46039
1642853069018	mozrunner::runner	INFO	Running command: "/usr/bin/firefox" "--marionette" "--remote-debugging-port" "34467" "-no-remote" "-profile" "/tmp/rust_mozprofileV6MCNH"
Error: no DISPLAY environment variable specified
1642853069224	geckodriver	INFO	Listening on 127.0.0.1:57537
1642853069228	mozrunner::runner	INFO	Running command: "/usr/bin/firefox" "--marionette" "--remote-debugging-port" "55279" "-no-remote" "-profile" "/tmp/rust_mozprofile6DU7Ea"
Error: no DISPLAY environment variable specified
1642896478753	geckodriver	INFO	Listening on 127.0.0.1:60035
1642896479254	mozrunner::runner	INFO	Running command: "/usr/bin/firefox" "--marionette" "--remote-debugging-port" "42937" "-no-remote" "-profile" "/tmp/rust_mozprofileEGVmmp"
Error: no DISPLAY environment variable specified
1642896479462	geckodriver	INFO	Listening on 127.0.0.1:41739
1642896479968	mozrunner::runner	INFO	Running command: "/usr/bin/firefox" "--marionette" "--remote-debugging-port" "36013" "-no-remote" "-profile" "/tmp/rust_mozprofilei9pnpZ"
Error: no DISPLAY environment variable specified
1642939429770	geckodriver	INFO	Listening on 127.0.0.1:52147
1642939430274	mozrunner::runner	INFO	Running command: "/usr/bin/firefox" "--marionette" "--remote-debugging-port" "58927" "-no-remote" "-profile" "/tmp/rust_mozprofileDxYnvr"
Error: no DISPLAY environment variable specified
1642939430582	geckodriver	INFO	Listening on 127.0.0.1:41309
1642939430586	mozrunner::runner	INFO	Running command: "/usr/bin/firefox" "--marionette" "--remote-debugging-port" "46217" "-no-remote" "-profile" "/tmp/rust_mozprofilee0HFS3"
Error: no DISPLAY environment variable specified
1642982869761	geckodriver	INFO	Listening on 127.0.0.1:41551
1642982870190	mozrunner::runner	INFO	Running command: "/usr/bin/firefox" "--marionette" "--remote-debugging-port" "60425" "-no-remote" "-profile" "/tmp/rust_mozprofile0gnHBy"
Error: no DISPLAY environment variable specified
1642982872006	geckodriver	INFO	Listening on 127.0.0.1:46053
1642982872011	mozrunner::runner	INFO	Running command: "/usr/bin/firefox" "--marionette" "--remote-debugging-port" "36371" "-no-remote" "-profile" "/tmp/rust_mozprofileHONzZ3"
Error: no DISPLAY environment variable specified
1643025825249	geckodriver	INFO	Listening on 127.0.0.1:45147
1643025825569	mozrunner::runner	INFO	Running command: "/usr/bin/firefox" "--marionette" "--remote-debugging-port" "33627" "-no-remote" "-profile" "/tmp/rust_mozprofileWlZ2Cv"
Error: no DISPLAY environment variable specified
1643025827288	geckodriver	INFO	Listening on 127.0.0.1:37675
1643025827293	mozrunner::runner	INFO	Running command: "/usr/bin/firefox" "--marionette" "--remote-debugging-port" "59129" "-no-remote" "-profile" "/tmp/rust_mozprofileXdFAd4"
Error: no DISPLAY environment variable specified
1643069307655	geckodriver	INFO	Listening on 127.0.0.1:50741
1643069308029	mozrunner::runner	INFO	Running command: "/usr/bin/firefox" "--marionette" "--remote-debugging-port" "44623" "-no-remote" "-profile" "/tmp/rust_mozprofileeItvAt"
Error: no DISPLAY environment variable specified
1643069308336	geckodriver	INFO	Listening on 127.0.0.1:60961
1643069308341	mozrunner::runner	INFO	Running command: "/usr/bin/firefox" "--marionette" "--remote-debugging-port" "40287" "-no-remote" "-profile" "/tmp/rust_mozprofileaPQyOK"
Error: no DISPLAY environment variable specified
1643112235468	geckodriver	INFO	Listening on 127.0.0.1:59991
1643112235862	mozrunner::runner	INFO	Running command: "/usr/bin/firefox" "--marionette" "--remote-debugging-port" "60219" "-no-remote" "-profile" "/tmp/rust_mozprofilecTkhqU"
Error: no DISPLAY environment variable specified
1643112236068	geckodriver	INFO	Listening on 127.0.0.1:49231
1643112236072	mozrunner::runner	INFO	Running command: "/usr/bin/firefox" "--marionette" "--remote-debugging-port" "54651" "-no-remote" "-profile" "/tmp/rust_mozprofilepeH6Wq"
Error: no DISPLAY environment variable specified
1643155900033	geckodriver	INFO	Listening on 127.0.0.1:43695
1643155900525	mozrunner::runner	INFO	Running command: "/usr/bin/firefox" "--marionette" "--remote-debugging-port" "38297" "-no-remote" "-profile" "/tmp/rust_mozprofilec6sEax"
Error: no DISPLAY environment variable specified
1643155900835	geckodriver	INFO	Listening on 127.0.0.1:36819
1643155900840	mozrunner::runner	INFO	Running command: "/usr/bin/firefox" "--marionette" "--remote-debugging-port" "32991" "-no-remote" "-profile" "/tmp/rust_mozprofilecBVWQ9"
Error: no DISPLAY environment variable specified
1643198611485	geckodriver	INFO	Listening on 127.0.0.1:45267
1643198611897	mozrunner::runner	INFO	Running command: "/usr/bin/firefox" "--marionette" "--remote-debugging-port" "60305" "-no-remote" "-profile" "/tmp/rust_mozprofileLteGLz"
Error: no DISPLAY environment variable specified
1643198612205	geckodriver	INFO	Listening on 127.0.0.1:53365
1643198612210	mozrunner::runner	INFO	Running command: "/usr/bin/firefox" "--marionette" "--remote-debugging-port" "57927" "-no-remote" "-profile" "/tmp/rust_mozprofileZHkQDa"
Error: no DISPLAY environment variable specified
1643242056647	geckodriver	INFO	Listening on 127.0.0.1:44725
1643242057059	mozrunner::runner	INFO	Running command: "/usr/bin/firefox" "--marionette" "--remote-debugging-port" "54511" "-no-remote" "-profile" "/tmp/rust_mozprofileKQ3YRW"
Error: no DISPLAY environment variable specified
1643242057366	geckodriver	INFO	Listening on 127.0.0.1:47409
1643242057371	mozrunner::runner	INFO	Running command: "/usr/bin/firefox" "--marionette" "--remote-debugging-port" "56727" "-no-remote" "-profile" "/tmp/rust_mozprofile1UAxjm"
Error: no DISPLAY environment variable specified
1643285031335	geckodriver	INFO	Listening on 127.0.0.1:44831
1643285031729	mozrunner::runner	INFO	Running command: "/usr/bin/firefox" "--marionette" "--remote-debugging-port" "35743" "-no-remote" "-profile" "/tmp/rust_mozprofilevmg2D9"
Error: no DISPLAY environment variable specified
1643285035001	geckodriver	INFO	Listening on 127.0.0.1:49865
1643285035006	mozrunner::runner	INFO	Running command: "/usr/bin/firefox" "--marionette" "--remote-debugging-port" "46279" "-no-remote" "-profile" "/tmp/rust_mozprofilev6pDJD"
Error: no DISPLAY environment variable specified
1643328483569	geckodriver	INFO	Listening on 127.0.0.1:50601
1643328483909	mozrunner::runner	INFO	Running command: "/usr/bin/firefox" "--marionette" "--remote-debugging-port" "35329" "-no-remote" "-profile" "/tmp/rust_mozprofile5uP61W"
Error: no DISPLAY environment variable specified
1643328488648	geckodriver	INFO	Listening on 127.0.0.1:41863
1643328488653	mozrunner::runner	INFO	Running command: "/usr/bin/firefox" "--marionette" "--remote-debugging-port" "52183" "-no-remote" "-profile" "/tmp/rust_mozprofilehF7LNM"
Error: no DISPLAY environment variable specified
1643371432746	geckodriver	INFO	Listening on 127.0.0.1:44109
1643371433000	mozrunner::runner	INFO	Running command: "/usr/bin/firefox" "--marionette" "--remote-debugging-port" "53073" "-no-remote" "-profile" "/tmp/rust_mozprofile1A1Y8C"
Error: no DISPLAY environment variable specified
1643371435118	geckodriver	INFO	Listening on 127.0.0.1:59869
1643371435122	mozrunner::runner	INFO	Running command: "/usr/bin/firefox" "--marionette" "--remote-debugging-port" "55969" "-no-remote" "-profile" "/tmp/rust_mozprofileKcwjIb"
Error: no DISPLAY environment variable specified
1643414817200	geckodriver	INFO	Listening on 127.0.0.1:35255
1643414817404	mozrunner::runner	INFO	Running command: "/usr/bin/firefox" "--marionette" "--remote-debugging-port" "36723" "-no-remote" "-profile" "/tmp/rust_mozprofileOFJKc5"
Error: no DISPLAY environment variable specified
1643414822571	geckodriver	INFO	Listening on 127.0.0.1:41687
1643414822575	mozrunner::runner	INFO	Running command: "/usr/bin/firefox" "--marionette" "--remote-debugging-port" "45437" "-no-remote" "-profile" "/tmp/rust_mozprofilenBf5m4"
Error: no DISPLAY environment variable specified
1643457813934	geckodriver	INFO	Listening on 127.0.0.1:52751
1643457814367	mozrunner::runner	INFO	Running command: "/usr/bin/firefox" "--marionette" "--remote-debugging-port" "54795" "-no-remote" "-profile" "/tmp/rust_mozprofileMjmNPi"
Error: no DISPLAY environment variable specified
1643457818394	geckodriver	INFO	Listening on 127.0.0.1:57273
1643457818400	mozrunner::runner	INFO	Running command: "/usr/bin/firefox" "--marionette" "--remote-debugging-port" "35637" "-no-remote" "-profile" "/tmp/rust_mozprofile2bKj4J"
Error: no DISPLAY environment variable specified
1643501329213	geckodriver	INFO	Listening on 127.0.0.1:37341
1643501329583	mozrunner::runner	INFO	Running command: "/usr/bin/firefox" "--marionette" "--remote-debugging-port" "36513" "-no-remote" "-profile" "/tmp/rust_mozprofile8RVM6N"
Error: no DISPLAY environment variable specified
1643501331904	geckodriver	INFO	Listening on 127.0.0.1:46217
1643501331908	mozrunner::runner	INFO	Running command: "/usr/bin/firefox" "--marionette" "--remote-debugging-port" "47711" "-no-remote" "-profile" "/tmp/rust_mozprofileQzY6Tv"
Error: no DISPLAY environment variable specified
1643544202991	geckodriver	INFO	Listening on 127.0.0.1:56707
1643544203384	mozrunner::runner	INFO	Running command: "/usr/bin/firefox" "--marionette" "--remote-debugging-port" "45275" "-no-remote" "-profile" "/tmp/rust_mozprofile8pvnsF"
Error: no DISPLAY environment variable specified
1643544203692	geckodriver	INFO	Listening on 127.0.0.1:47741
1643544203697	mozrunner::runner	INFO	Running command: "/usr/bin/firefox" "--marionette" "--remote-debugging-port" "44139" "-no-remote" "-profile" "/tmp/rust_mozprofilepGPcj1"
Error: no DISPLAY environment variable specified
1643587686850	geckodriver	INFO	Listening on 127.0.0.1:40137
1643587687353	mozrunner::runner	INFO	Running command: "/usr/bin/firefox" "--marionette" "--remote-debugging-port" "52333" "-no-remote" "-profile" "/tmp/rust_mozprofileuO4dT6"
Error: no DISPLAY environment variable specified
1643587687564	geckodriver	INFO	Listening on 127.0.0.1:51313
1643587687568	mozrunner::runner	INFO	Running command: "/usr/bin/firefox" "--marionette" "--remote-debugging-port" "40215" "-no-remote" "-profile" "/tmp/rust_mozprofileyIBqA8"
Error: no DISPLAY environment variable specified
1643630610916	geckodriver	INFO	Listening on 127.0.0.1:35675
1643630611297	mozrunner::runner	INFO	Running command: "/usr/bin/firefox" "--marionette" "--remote-debugging-port" "36049" "-no-remote" "-profile" "/tmp/rust_mozprofileVm0QKG"
Error: no DISPLAY environment variable specified
1643630611503	geckodriver	INFO	Listening on 127.0.0.1:59103
1643630611507	mozrunner::runner	INFO	Running command: "/usr/bin/firefox" "--marionette" "--remote-debugging-port" "57425" "-no-remote" "-profile" "/tmp/rust_mozprofile1OYH3y"
Error: no DISPLAY environment variable specified
1643674107930	geckodriver	INFO	Listening on 127.0.0.1:37843
1643674108265	mozrunner::runner	INFO	Running command: "/usr/bin/firefox" "--marionette" "--remote-debugging-port" "37285" "-no-remote" "-profile" "/tmp/rust_mozprofileFK1uVv"
Error: no DISPLAY environment variable specified
1643674108572	geckodriver	INFO	Listening on 127.0.0.1:52557
1643674108576	mozrunner::runner	INFO	Running command: "/usr/bin/firefox" "--marionette" "--remote-debugging-port" "46467" "-no-remote" "-profile" "/tmp/rust_mozprofilechzgS7"
Error: no DISPLAY environment variable specified
1643717026349	geckodriver	INFO	Listening on 127.0.0.1:42441
1643717026662	mozrunner::runner	INFO	Running command: "/usr/bin/firefox" "--marionette" "--remote-debugging-port" "46415" "-no-remote" "-profile" "/tmp/rust_mozprofiletjEM71"
Error: no DISPLAY environment variable specified
1643717026869	geckodriver	INFO	Listening on 127.0.0.1:51875
1643717026873	mozrunner::runner	INFO	Running command: "/usr/bin/firefox" "--marionette" "--remote-debugging-port" "53447" "-no-remote" "-profile" "/tmp/rust_mozprofile0WPGmt"
Error: no DISPLAY environment variable specified
1643760571056	geckodriver	INFO	Listening on 127.0.0.1:33815
1643760571475	mozrunner::runner	INFO	Running command: "/usr/bin/firefox" "--marionette" "--remote-debugging-port" "41525" "-no-remote" "-profile" "/tmp/rust_mozprofilewc5l6a"
Error: no DISPLAY environment variable specified
1643760573800	geckodriver	INFO	Listening on 127.0.0.1:53489
1643760573804	mozrunner::runner	INFO	Running command: "/usr/bin/firefox" "--marionette" "--remote-debugging-port" "45011" "-no-remote" "-profile" "/tmp/rust_mozprofile87Eg3Z"
Error: no DISPLAY environment variable specified
1643803403908	geckodriver	INFO	Listening on 127.0.0.1:48249
1643803404410	mozrunner::runner	INFO	Running command: "/usr/bin/firefox" "--marionette" "--remote-debugging-port" "59427" "-no-remote" "-profile" "/tmp/rust_mozprofilehybvwo"
Error: no DISPLAY environment variable specified
1643803404617	geckodriver	INFO	Listening on 127.0.0.1:51261
1643803404621	mozrunner::runner	INFO	Running command: "/usr/bin/firefox" "--marionette" "--remote-debugging-port" "41771" "-no-remote" "-profile" "/tmp/rust_mozprofile7praM6"
Error: no DISPLAY environment variable specified
1643846887359	geckodriver	INFO	Listening on 127.0.0.1:53903
1643846887759	mozrunner::runner	INFO	Running command: "/usr/bin/firefox" "--marionette" "--remote-debugging-port" "44485" "-no-remote" "-profile" "/tmp/rust_mozprofileyEWBkt"
Error: no DISPLAY environment variable specified
1643846890592	geckodriver	INFO	Listening on 127.0.0.1:42921
1643846890597	mozrunner::runner	INFO	Running command: "/usr/bin/firefox" "--marionette" "--remote-debugging-port" "59551" "-no-remote" "-profile" "/tmp/rust_mozprofileAJii9y"
Error: no DISPLAY environment variable specified
1643889830125	geckodriver	INFO	Listening on 127.0.0.1:42761
1643889830378	mozrunner::runner	INFO	Running command: "/usr/bin/firefox" "--marionette" "--remote-debugging-port" "48871" "-no-remote" "-profile" "/tmp/rust_mozprofilegxq0BY"
Error: no DISPLAY environment variable specified
1643889833509	geckodriver	INFO	Listening on 127.0.0.1:43337
1643889833513	mozrunner::runner	INFO	Running command: "/usr/bin/firefox" "--marionette" "--remote-debugging-port" "45719" "-no-remote" "-profile" "/tmp/rust_mozprofileZMmO6i"
Error: no DISPLAY environment variable specified
1643933232896	geckodriver	INFO	Listening on 127.0.0.1:46859
1643933233264	mozrunner::runner	INFO	Running command: "/usr/bin/firefox" "--marionette" "--remote-debugging-port" "36307" "-no-remote" "-profile" "/tmp/rust_mozprofileFByIv9"
Error: no DISPLAY environment variable specified
1643933233471	geckodriver	INFO	Listening on 127.0.0.1:39007
1643933233475	mozrunner::runner	INFO	Running command: "/usr/bin/firefox" "--marionette" "--remote-debugging-port" "55185" "-no-remote" "-profile" "/tmp/rust_mozprofilek0OJuD"
Error: no DISPLAY environment variable specified
1643976203271	geckodriver	INFO	Listening on 127.0.0.1:42099
1643976203774	mozrunner::runner	INFO	Running command: "/usr/bin/firefox" "--marionette" "--remote-debugging-port" "58391" "-no-remote" "-profile" "/tmp/rust_mozprofilepwwrB9"
Error: no DISPLAY environment variable specified
1643976204081	geckodriver	INFO	Listening on 127.0.0.1:42089
1643976204085	mozrunner::runner	INFO	Running command: "/usr/bin/firefox" "--marionette" "--remote-debugging-port" "42501" "-no-remote" "-profile" "/tmp/rust_mozprofileKtd9G1"
Error: no DISPLAY environment variable specified
1644019687162	geckodriver	INFO	Listening on 127.0.0.1:54597
1644019687545	mozrunner::runner	INFO	Running command: "/usr/bin/firefox" "--marionette" "--remote-debugging-port" "43605" "-no-remote" "-profile" "/tmp/rust_mozprofileYOPwyE"
Error: no DISPLAY environment variable specified
1644019689372	geckodriver	INFO	Listening on 127.0.0.1:48531
1644019689376	mozrunner::runner	INFO	Running command: "/usr/bin/firefox" "--marionette" "--remote-debugging-port" "59565" "-no-remote" "-profile" "/tmp/rust_mozprofile63kRWC"
Error: no DISPLAY environment variable specified
1644062622470	geckodriver	INFO	Listening on 127.0.0.1:52597
1644062622761	mozrunner::runner	INFO	Running command: "/usr/bin/firefox" "--marionette" "--remote-debugging-port" "45501" "-no-remote" "-profile" "/tmp/rust_mozprofileo28liS"
Error: no DISPLAY environment variable specified
1644062626293	geckodriver	INFO	Listening on 127.0.0.1:50007
1644062626297	mozrunner::runner	INFO	Running command: "/usr/bin/firefox" "--marionette" "--remote-debugging-port" "38441" "-no-remote" "-profile" "/tmp/rust_mozprofilejuahbW"
Error: no DISPLAY environment variable specified
1644112510997	geckodriver	INFO	Listening on 127.0.0.1:37503
1644112511555	mozrunner::runner	INFO	Running command: "/usr/bin/firefox" "--marionette" "--remote-debugging-port" "34795" "-no-remote" "-profile" "/tmp/rust_mozprofilehtw5Sr"
Error: no DISPLAY environment variable specified
1644112511963	geckodriver	INFO	Listening on 127.0.0.1:57753
1644112511967	mozrunner::runner	INFO	Running command: "/usr/bin/firefox" "--marionette" "--remote-debugging-port" "48241" "-no-remote" "-profile" "/tmp/rust_mozprofile497s79"
Error: no DISPLAY environment variable specified
1644149022019	geckodriver	INFO	Listening on 127.0.0.1:36713
1644149022392	mozrunner::runner	INFO	Running command: "/usr/bin/firefox" "--marionette" "--remote-debugging-port" "38251" "-no-remote" "-profile" "/tmp/rust_mozprofile2vI8ui"
Error: no DISPLAY environment variable specified
1644149025013	geckodriver	INFO	Listening on 127.0.0.1:45891
1644149025017	mozrunner::runner	INFO	Running command: "/usr/bin/firefox" "--marionette" "--remote-debugging-port" "48545" "-no-remote" "-profile" "/tmp/rust_mozprofileIaah2B"
Error: no DISPLAY environment variable specified
1644192502014	geckodriver	INFO	Listening on 127.0.0.1:41965
1644192502362	mozrunner::runner	INFO	Running command: "/usr/bin/firefox" "--marionette" "--remote-debugging-port" "54411" "-no-remote" "-profile" "/tmp/rust_mozprofileJIekLQ"
Error: no DISPLAY environment variable specified
1644192507816	geckodriver	INFO	Listening on 127.0.0.1:48541
1644192507821	mozrunner::runner	INFO	Running command: "/usr/bin/firefox" "--marionette" "--remote-debugging-port" "54055" "-no-remote" "-profile" "/tmp/rust_mozprofile3UTBbk"
Error: no DISPLAY environment variable specified
1644235410539	geckodriver	INFO	Listening on 127.0.0.1:37987
1644235410912	mozrunner::runner	INFO	Running command: "/usr/bin/firefox" "--marionette" "--remote-debugging-port" "59729" "-no-remote" "-profile" "/tmp/rust_mozprofileZ7sgGd"
Error: no DISPLAY environment variable specified
1644235411220	geckodriver	INFO	Listening on 127.0.0.1:39337
1644235411224	mozrunner::runner	INFO	Running command: "/usr/bin/firefox" "--marionette" "--remote-debugging-port" "50119" "-no-remote" "-profile" "/tmp/rust_mozprofileeFiUAo"
Error: no DISPLAY environment variable specified
1644278910436	geckodriver	INFO	Listening on 127.0.0.1:49405
1644278910838	mozrunner::runner	INFO	Running command: "/usr/bin/firefox" "--marionette" "--remote-debugging-port" "46387" "-no-remote" "-profile" "/tmp/rust_mozprofileo32II7"
Error: no DISPLAY environment variable specified
1644278911147	geckodriver	INFO	Listening on 127.0.0.1:60699
1644278911152	mozrunner::runner	INFO	Running command: "/usr/bin/firefox" "--marionette" "--remote-debugging-port" "55929" "-no-remote" "-profile" "/tmp/rust_mozprofilepoY7Dk"
Error: no DISPLAY environment variable specified
1644321817464	geckodriver	INFO	Listening on 127.0.0.1:49781
1644321817749	mozrunner::runner	INFO	Running command: "/usr/bin/firefox" "--marionette" "--remote-debugging-port" "54639" "-no-remote" "-profile" "/tmp/rust_mozprofiledWby4S"
Error: no DISPLAY environment variable specified
1644321819967	geckodriver	INFO	Listening on 127.0.0.1:50211
1644321819971	mozrunner::runner	INFO	Running command: "/usr/bin/firefox" "--marionette" "--remote-debugging-port" "33377" "-no-remote" "-profile" "/tmp/rust_mozprofileKHOa3p"
Error: no DISPLAY environment variable specified
1644365453400	geckodriver	INFO	Listening on 127.0.0.1:54379
1644365453767	mozrunner::runner	INFO	Running command: "/usr/bin/firefox" "--marionette" "--remote-debugging-port" "40043" "-no-remote" "-profile" "/tmp/rust_mozprofileUemrYZ"
Error: no DISPLAY environment variable specified
1644365457094	geckodriver	INFO	Listening on 127.0.0.1:48557
1644365457098	mozrunner::runner	INFO	Running command: "/usr/bin/firefox" "--marionette" "--remote-debugging-port" "47917" "-no-remote" "-profile" "/tmp/rust_mozprofilepiiSJf"
Error: no DISPLAY environment variable specified
1644408211134	geckodriver	INFO	Listening on 127.0.0.1:49117
1644408211480	mozrunner::runner	INFO	Running command: "/usr/bin/firefox" "--marionette" "--remote-debugging-port" "46901" "-no-remote" "-profile" "/tmp/rust_mozprofileHCaF5G"
Error: no DISPLAY environment variable specified
1644408211787	geckodriver	INFO	Listening on 127.0.0.1:52603
1644408211792	mozrunner::runner	INFO	Running command: "/usr/bin/firefox" "--marionette" "--remote-debugging-port" "34645" "-no-remote" "-profile" "/tmp/rust_mozprofilesk0TkM"
Error: no DISPLAY environment variable specified
1644451739381	geckodriver	INFO	Listening on 127.0.0.1:42995
1644451739785	mozrunner::runner	INFO	Running command: "/usr/bin/firefox" "--marionette" "--remote-debugging-port" "49457" "-no-remote" "-profile" "/tmp/rust_mozprofilenPBdTp"
Error: no DISPLAY environment variable specified
1644451741704	geckodriver	INFO	Listening on 127.0.0.1:32967
1644451742209	mozrunner::runner	INFO	Running command: "/usr/bin/firefox" "--marionette" "--remote-debugging-port" "44409" "-no-remote" "-profile" "/tmp/rust_mozprofileaKaApe"
Error: no DISPLAY environment variable specified
1644494619684	geckodriver	INFO	Listening on 127.0.0.1:59019
1644494620053	mozrunner::runner	INFO	Running command: "/usr/bin/firefox" "--marionette" "--remote-debugging-port" "37709" "-no-remote" "-profile" "/tmp/rust_mozprofilefvRYyH"
Error: no DISPLAY environment variable specified
1644494620363	geckodriver	INFO	Listening on 127.0.0.1:49409
1644494620368	mozrunner::runner	INFO	Running command: "/usr/bin/firefox" "--marionette" "--remote-debugging-port" "40515" "-no-remote" "-profile" "/tmp/rust_mozprofilegFHeQb"
Error: no DISPLAY environment variable specified
1644538098345	geckodriver	INFO	Listening on 127.0.0.1:56929
1644538098640	mozrunner::runner	INFO	Running command: "/usr/bin/firefox" "--marionette" "--remote-debugging-port" "54363" "-no-remote" "-profile" "/tmp/rust_mozprofileywwEWk"
Error: no DISPLAY environment variable specified
1644538098847	geckodriver	INFO	Listening on 127.0.0.1:57645
1644538098851	mozrunner::runner	INFO	Running command: "/usr/bin/firefox" "--marionette" "--remote-debugging-port" "43677" "-no-remote" "-profile" "/tmp/rust_mozprofileTKlayn"
Error: no DISPLAY environment variable specified
1644581011091	geckodriver	INFO	Listening on 127.0.0.1:42263
1644581011340	mozrunner::runner	INFO	Running command: "/usr/bin/firefox" "--marionette" "--remote-debugging-port" "54829" "-no-remote" "-profile" "/tmp/rust_mozprofiledF6Bft"
Error: no DISPLAY environment variable specified
1644581011850	geckodriver	INFO	Listening on 127.0.0.1:34879
1644581011856	mozrunner::runner	INFO	Running command: "/usr/bin/firefox" "--marionette" "--remote-debugging-port" "58815" "-no-remote" "-profile" "/tmp/rust_mozprofilemxCrtu"
Error: no DISPLAY environment variable specified
1644624509516	geckodriver	INFO	Listening on 127.0.0.1:41685
1644624509905	mozrunner::runner	INFO	Running command: "/usr/bin/firefox" "--marionette" "--remote-debugging-port" "53761" "-no-remote" "-profile" "/tmp/rust_mozprofilei5cF15"
Error: no DISPLAY environment variable specified
1644624510113	geckodriver	INFO	Listening on 127.0.0.1:33447
1644624510117	mozrunner::runner	INFO	Running command: "/usr/bin/firefox" "--marionette" "--remote-debugging-port" "44851" "-no-remote" "-profile" "/tmp/rust_mozprofileKirb6b"
Error: no DISPLAY environment variable specified
1644667406958	geckodriver	INFO	Listening on 127.0.0.1:34047
1644667407378	mozrunner::runner	INFO	Running command: "/usr/bin/firefox" "--marionette" "--remote-debugging-port" "48359" "-no-remote" "-profile" "/tmp/rust_mozprofileNdLhCb"
Error: no DISPLAY environment variable specified
1644667410799	geckodriver	INFO	Listening on 127.0.0.1:35223
1644667410803	mozrunner::runner	INFO	Running command: "/usr/bin/firefox" "--marionette" "--remote-debugging-port" "48137" "-no-remote" "-profile" "/tmp/rust_mozprofileV1YP8w"
Error: no DISPLAY environment variable specified
1644710965133	geckodriver	INFO	Listening on 127.0.0.1:41895
1644710965553	mozrunner::runner	INFO	Running command: "/usr/bin/firefox" "--marionette" "--remote-debugging-port" "54075" "-no-remote" "-profile" "/tmp/rust_mozprofileq0j1vf"
Error: no DISPLAY environment variable specified
1644710967771	geckodriver	INFO	Listening on 127.0.0.1:52755
1644710967776	mozrunner::runner	INFO	Running command: "/usr/bin/firefox" "--marionette" "--remote-debugging-port" "41479" "-no-remote" "-profile" "/tmp/rust_mozprofileHnSkM6"
Error: no DISPLAY environment variable specified
1644753810177	geckodriver	INFO	Listening on 127.0.0.1:54503
1644753810680	mozrunner::runner	INFO	Running command: "/usr/bin/firefox" "--marionette" "--remote-debugging-port" "53677" "-no-remote" "-profile" "/tmp/rust_mozprofilecwVv9k"
Error: no DISPLAY environment variable specified
1644753810890	geckodriver	INFO	Listening on 127.0.0.1:55015
1644753810894	mozrunner::runner	INFO	Running command: "/usr/bin/firefox" "--marionette" "--remote-debugging-port" "58987" "-no-remote" "-profile" "/tmp/rust_mozprofilex2cA6c"
Error: no DISPLAY environment variable specified
1644797304871	geckodriver	INFO	Listening on 127.0.0.1:34309
1644797305315	mozrunner::runner	INFO	Running command: "/usr/bin/firefox" "--marionette" "--remote-debugging-port" "42845" "-no-remote" "-profile" "/tmp/rust_mozprofilexMraTY"
Error: no DISPLAY environment variable specified
1644797307033	geckodriver	INFO	Listening on 127.0.0.1:56937
1644797307038	mozrunner::runner	INFO	Running command: "/usr/bin/firefox" "--marionette" "--remote-debugging-port" "46295" "-no-remote" "-profile" "/tmp/rust_mozprofileEO5RO2"
Error: no DISPLAY environment variable specified
1644840215330	geckodriver	INFO	Listening on 127.0.0.1:52025
1644840215546	mozrunner::runner	INFO	Running command: "/usr/bin/firefox" "--marionette" "--remote-debugging-port" "57827" "-no-remote" "-profile" "/tmp/rust_mozprofileEDi5N1"
Error: no DISPLAY environment variable specified
1644840217669	geckodriver	INFO	Listening on 127.0.0.1:58671
1644840217673	mozrunner::runner	INFO	Running command: "/usr/bin/firefox" "--marionette" "--remote-debugging-port" "35443" "-no-remote" "-profile" "/tmp/rust_mozprofiled5DUls"
Error: no DISPLAY environment variable specified
1644883685341	geckodriver	INFO	Listening on 127.0.0.1:37181
1644883685671	mozrunner::runner	INFO	Running command: "/usr/bin/firefox" "--marionette" "--remote-debugging-port" "40369" "-no-remote" "-profile" "/tmp/rust_mozprofilelNRfgo"
Error: no DISPLAY environment variable specified
1644883685983	geckodriver	INFO	Listening on 127.0.0.1:49529
1644883685988	mozrunner::runner	INFO	Running command: "/usr/bin/firefox" "--marionette" "--remote-debugging-port" "36529" "-no-remote" "-profile" "/tmp/rust_mozprofileo26dZ9"
Error: no DISPLAY environment variable specified
1644926616977	geckodriver	INFO	Listening on 127.0.0.1:41345
1644926617306	mozrunner::runner	INFO	Running command: "/usr/bin/firefox" "--marionette" "--remote-debugging-port" "59533" "-no-remote" "-profile" "/tmp/rust_mozprofileqPG6KW"
Error: no DISPLAY environment variable specified
1644926617617	geckodriver	INFO	Listening on 127.0.0.1:55955
1644926617621	mozrunner::runner	INFO	Running command: "/usr/bin/firefox" "--marionette" "--remote-debugging-port" "44053" "-no-remote" "-profile" "/tmp/rust_mozprofileoJGTDs"
Error: no DISPLAY environment variable specified
1644953630384	geckodriver	INFO	Listening on 127.0.0.1:57951
1644953630886	mozrunner::runner	INFO	Running command: "/usr/bin/firefox" "--marionette" "--remote-debugging-port" "52073" "-no-remote" "-profile" "/tmp/rust_mozprofile3TCghR"
Error: no DISPLAY environment variable specified
1644953631093	geckodriver	INFO	Listening on 127.0.0.1:35729
1644953631097	mozrunner::runner	INFO	Running command: "/usr/bin/firefox" "--marionette" "--remote-debugging-port" "40053" "-no-remote" "-profile" "/tmp/rust_mozprofileH2JO8E"
Error: no DISPLAY environment variable specified
1644953870997	geckodriver	INFO	Listening on 127.0.0.1:57075
1644953871267	mozrunner::runner	INFO	Running command: "/usr/bin/firefox" "--marionette" "--remote-debugging-port" "57627" "-no-remote" "-profile" "/tmp/rust_mozprofileYLIzLR"
Error: no DISPLAY environment variable specified
1644953873586	geckodriver	INFO	Listening on 127.0.0.1:55209
1644953873590	mozrunner::runner	INFO	Running command: "/usr/bin/firefox" "--marionette" "--remote-debugging-port" "34605" "-no-remote" "-profile" "/tmp/rust_mozprofilenzam22"
Error: no DISPLAY environment variable specified
1644954126068	geckodriver	INFO	Listening on 127.0.0.1:40229
1644954126428	mozrunner::runner	INFO	Running command: "/usr/bin/firefox" "--marionette" "--remote-debugging-port" "39673" "-no-remote" "-profile" "/tmp/rust_mozprofile2BSCfy"
Error: no DISPLAY environment variable specified
1644954126636	geckodriver	INFO	Listening on 127.0.0.1:54989
1644954126641	mozrunner::runner	INFO	Running command: "/usr/bin/firefox" "--marionette" "--remote-debugging-port" "49493" "-no-remote" "-profile" "/tmp/rust_mozprofilekLSTqw"
Error: no DISPLAY environment variable specified
1644954254585	geckodriver	INFO	Listening on 127.0.0.1:42911
1644954254969	mozrunner::runner	INFO	Running command: "/usr/bin/firefox" "--marionette" "--remote-debugging-port" "36007" "-no-remote" "-profile" "/tmp/rust_mozprofiledV3taR"
Error: no DISPLAY environment variable specified
1644954257292	geckodriver	INFO	Listening on 127.0.0.1:36341
1644954257296	mozrunner::runner	INFO	Running command: "/usr/bin/firefox" "--marionette" "--remote-debugging-port" "52273" "-no-remote" "-profile" "/tmp/rust_mozprofileYMdcgj"
Error: no DISPLAY environment variable specified
1644955542353	geckodriver	INFO	Listening on 127.0.0.1:40671
1644955542735	mozrunner::runner	INFO	Running command: "/usr/bin/firefox" "--marionette" "--remote-debugging-port" "54905" "-no-remote" "-profile" "/tmp/rust_mozprofiletenRs9"
Error: no DISPLAY environment variable specified
1644955544456	geckodriver	INFO	Listening on 127.0.0.1:40849
1644955544965	mozrunner::runner	INFO	Running command: "/usr/bin/firefox" "--marionette" "--remote-debugging-port" "53771" "-no-remote" "-profile" "/tmp/rust_mozprofilet28Z2R"
Error: no DISPLAY environment variable specified
1644956747639	geckodriver	INFO	Listening on 127.0.0.1:55811
1644956748139	mozrunner::runner	INFO	Running command: "/usr/bin/firefox" "--marionette" "--remote-debugging-port" "43389" "-no-remote" "-profile" "/tmp/rust_mozprofileGXzxPn"
Error: no DISPLAY environment variable specified
1644956748345	geckodriver	INFO	Listening on 127.0.0.1:40107
1644956748349	mozrunner::runner	INFO	Running command: "/usr/bin/firefox" "--marionette" "--remote-debugging-port" "52601" "-no-remote" "-profile" "/tmp/rust_mozprofilelY3NCG"
Error: no DISPLAY environment variable specified
1644957583238	geckodriver	INFO	Listening on 127.0.0.1:42479
1644957583586	mozrunner::runner	INFO	Running command: "/usr/bin/firefox" "--marionette" "--remote-debugging-port" "59895" "-no-remote" "-profile" "/tmp/rust_mozprofileHijcJP"
Error: no DISPLAY environment variable specified
1644957583796	geckodriver	INFO	Listening on 127.0.0.1:49447
1644957584302	mozrunner::runner	INFO	Running command: "/usr/bin/firefox" "--marionette" "--remote-debugging-port" "56409" "-no-remote" "-profile" "/tmp/rust_mozprofileS231bb"
Error: no DISPLAY environment variable specified
1644958707108	geckodriver	INFO	Listening on 127.0.0.1:37045
1644958707521	mozrunner::runner	INFO	Running command: "/usr/bin/firefox" "--marionette" "--headless" "--remote-debugging-port" "49707" "-no-remote" "-profile" "/tmp/rust_mozprofile8xMXwA"
1644958707521	geckodriver::marionette	DEBUG	Waiting 60s to connect to browser on 127.0.0.1:37707
1644958707522	geckodriver::marionette	TRACE	Connection refused (os error 111). Retrying in 100ms
1644958707622	geckodriver::marionette	TRACE	Connection refused (os error 111). Retrying in 100ms
*** You are running in headless mode.
1644958707722	geckodriver::marionette	TRACE	Connection refused (os error 111). Retrying in 100ms
1644958707822	geckodriver::marionette	TRACE	Connection refused (os error 111). Retrying in 100ms
1644958707923	geckodriver::marionette	TRACE	Connection refused (os error 111). Retrying in 100ms
1644958708023	geckodriver::marionette	TRACE	Connection refused (os error 111). Retrying in 100ms
1644958708123	geckodriver::marionette	TRACE	Connection refused (os error 111). Retrying in 100ms
1644958708223	geckodriver::marionette	TRACE	Connection refused (os error 111). Retrying in 100ms
1644958708324	geckodriver::marionette	TRACE	Connection refused (os error 111). Retrying in 100ms
1644958708424	geckodriver::marionette	TRACE	Connection refused (os error 111). Retrying in 100ms
1644958708524	geckodriver::marionette	TRACE	Connection refused (os error 111). Retrying in 100ms
1644958708625	geckodriver::marionette	TRACE	Connection refused (os error 111). Retrying in 100ms
1644958708725	geckodriver::marionette	TRACE	Connection refused (os error 111). Retrying in 100ms
1644958708825	geckodriver::marionette	TRACE	Connection refused (os error 111). Retrying in 100ms
1644958708925	geckodriver::marionette	TRACE	Connection refused (os error 111). Retrying in 100ms
1644958709026	geckodriver::marionette	TRACE	Connection refused (os error 111). Retrying in 100ms
1644958709126	geckodriver::marionette	TRACE	Connection refused (os error 111). Retrying in 100ms
1644958709226	geckodriver::marionette	TRACE	Connection refused (os error 111). Retrying in 100ms
1644958709327	geckodriver::marionette	TRACE	Connection refused (os error 111). Retrying in 100ms
1644958709427	geckodriver::marionette	TRACE	Connection refused (os error 111). Retrying in 100ms
1644958709527	geckodriver::marionette	TRACE	Connection refused (os error 111). Retrying in 100ms
1644958709627	geckodriver::marionette	TRACE	Connection refused (os error 111). Retrying in 100ms
1644958709728	geckodriver::marionette	TRACE	Connection refused (os error 111). Retrying in 100ms
1644958709828	geckodriver::marionette	TRACE	Connection refused (os error 111). Retrying in 100ms
1644958709928	geckodriver::marionette	TRACE	Connection refused (os error 111). Retrying in 100ms
1644958710029	geckodriver::marionette	TRACE	Connection refused (os error 111). Retrying in 100ms
1644958710129	geckodriver::marionette	TRACE	Connection refused (os error 111). Retrying in 100ms
1644958710229	geckodriver::marionette	TRACE	Connection refused (os error 111). Retrying in 100ms
1644958710330	geckodriver::marionette	TRACE	Connection refused (os error 111). Retrying in 100ms
1644958710430	geckodriver::marionette	TRACE	Connection refused (os error 111). Retrying in 100ms
1644958710530	geckodriver::marionette	TRACE	Connection refused (os error 111). Retrying in 100ms
[GFX1-]: glxtest: Unable to open a connection to the X server
1644958710630	geckodriver::marionette	TRACE	Connection refused (os error 111). Retrying in 100ms
[GFX1-]: glxtest: libEGL missing
1644958710731	geckodriver::marionette	TRACE	Connection refused (os error 111). Retrying in 100ms
1644958710831	geckodriver::marionette	TRACE	Connection refused (os error 111). Retrying in 100ms
1644958710931	geckodriver::marionette	TRACE	Connection refused (os error 111). Retrying in 100ms
1644958711032	geckodriver::marionette	TRACE	Connection refused (os error 111). Retrying in 100ms
1644958711132	geckodriver::marionette	TRACE	Connection refused (os error 111). Retrying in 100ms
1644958711232	geckodriver::marionette	TRACE	Connection refused (os error 111). Retrying in 100ms
1644958711332	geckodriver::marionette	TRACE	Connection refused (os error 111). Retrying in 100ms
1644958711433	geckodriver::marionette	TRACE	Connection refused (os error 111). Retrying in 100ms
1644958711498	RemoteAgent	DEBUG	CDP enabled
1644958711499	Marionette	INFO	Marionette enabled
1644958711533	geckodriver::marionette	TRACE	Connection refused (os error 111). Retrying in 100ms
1644958711633	geckodriver::marionette	TRACE	Connection refused (os error 111). Retrying in 100ms
1644958711734	geckodriver::marionette	TRACE	Connection refused (os error 111). Retrying in 100ms
1644958711834	geckodriver::marionette	TRACE	Connection refused (os error 111). Retrying in 100ms
1644958711934	geckodriver::marionette	TRACE	Connection refused (os error 111). Retrying in 100ms
1644958712034	geckodriver::marionette	TRACE	Connection refused (os error 111). Retrying in 100ms
1644958712135	geckodriver::marionette	TRACE	Connection refused (os error 111). Retrying in 100ms
1644958712235	geckodriver::marionette	TRACE	Connection refused (os error 111). Retrying in 100ms
1644958712335	geckodriver::marionette	TRACE	Connection refused (os error 111). Retrying in 100ms
1644958712436	geckodriver::marionette	TRACE	Connection refused (os error 111). Retrying in 100ms
1644958712536	geckodriver::marionette	TRACE	Connection refused (os error 111). Retrying in 100ms
1644958712636	geckodriver::marionette	TRACE	Connection refused (os error 111). Retrying in 100ms
1644958712737	geckodriver::marionette	TRACE	Connection refused (os error 111). Retrying in 100ms
1644958712837	geckodriver::marionette	TRACE	Connection refused (os error 111). Retrying in 100ms
1644958712937	geckodriver::marionette	TRACE	Connection refused (os error 111). Retrying in 100ms
1644958713038	geckodriver::marionette	TRACE	Connection refused (os error 111). Retrying in 100ms
1644958713138	geckodriver::marionette	TRACE	Connection refused (os error 111). Retrying in 100ms
1644958713238	geckodriver::marionette	TRACE	Connection refused (os error 111). Retrying in 100ms
1644958713287	Marionette	TRACE	Received observer notification toplevel-window-ready
1644958713338	geckodriver::marionette	TRACE	Connection refused (os error 111). Retrying in 100ms
1644958713439	geckodriver::marionette	TRACE	Connection refused (os error 111). Retrying in 100ms
1644958713539	geckodriver::marionette	TRACE	Connection refused (os error 111). Retrying in 100ms
1644958713639	geckodriver::marionette	TRACE	Connection refused (os error 111). Retrying in 100ms
1644958713739	geckodriver::marionette	TRACE	Connection refused (os error 111). Retrying in 100ms
1644958713840	geckodriver::marionette	TRACE	Connection refused (os error 111). Retrying in 100ms
1644958713940	geckodriver::marionette	TRACE	Connection refused (os error 111). Retrying in 100ms
1644958714040	geckodriver::marionette	TRACE	Connection refused (os error 111). Retrying in 100ms
1644958714141	geckodriver::marionette	TRACE	Connection refused (os error 111). Retrying in 100ms
1644958714241	geckodriver::marionette	TRACE	Connection refused (os error 111). Retrying in 100ms
1644958714341	geckodriver::marionette	TRACE	Connection refused (os error 111). Retrying in 100ms
1644958714441	geckodriver::marionette	TRACE	Connection refused (os error 111). Retrying in 100ms
1644958714541	geckodriver::marionette	TRACE	Connection refused (os error 111). Retrying in 100ms
1644958714642	geckodriver::marionette	TRACE	Connection refused (os error 111). Retrying in 100ms
1644958714742	geckodriver::marionette	TRACE	Connection refused (os error 111). Retrying in 100ms
[GFX1-]: RenderCompositorSWGL failed mapping default framebuffer, no dt
1644958714842	geckodriver::marionette	TRACE	Connection refused (os error 111). Retrying in 100ms
1644958714942	geckodriver::marionette	TRACE	Connection refused (os error 111). Retrying in 100ms
1644958715043	geckodriver::marionette	TRACE	Connection refused (os error 111). Retrying in 100ms
console.warn: SearchSettings: "get: No settings file exists, new profile?" (new NotFoundError("Could not open the file at /tmp/rust_mozprofile8xMXwA/search.json.mozlz4", (void 0)))
1644958715143	geckodriver::marionette	TRACE	Connection refused (os error 111). Retrying in 100ms
1644958715243	geckodriver::marionette	TRACE	Connection refused (os error 111). Retrying in 100ms
1644958715343	geckodriver::marionette	TRACE	Connection refused (os error 111). Retrying in 100ms
1644958715443	geckodriver::marionette	TRACE	Connection refused (os error 111). Retrying in 100ms
1644958715544	geckodriver::marionette	TRACE	Connection refused (os error 111). Retrying in 100ms
1644958715644	geckodriver::marionette	TRACE	Connection refused (os error 111). Retrying in 100ms
1644958715744	geckodriver::marionette	TRACE	Connection refused (os error 111). Retrying in 100ms
1644958715844	geckodriver::marionette	TRACE	Connection refused (os error 111). Retrying in 100ms
1644958715928	RemoteAgent	TRACE	Received observer notification remote-startup-requested
1644958715945	geckodriver::marionette	TRACE	Connection refused (os error 111). Retrying in 100ms
1644958715950	RemoteAgent	DEBUG	Setting recommended pref apz.content_response_timeout to 60000
1644958715950	RemoteAgent	DEBUG	Setting recommended pref browser.contentblocking.introCount to 99
1644958715951	RemoteAgent	DEBUG	Setting recommended pref browser.download.panel.shown to true
1644958715951	RemoteAgent	DEBUG	Setting recommended pref browser.newtabpage.enabled to false
1644958715953	RemoteAgent	DEBUG	Setting recommended pref browser.pagethumbnails.capturing_disabled to true
1644958715953	RemoteAgent	DEBUG	Setting recommended pref browser.search.update to false
1644958715953	RemoteAgent	DEBUG	Setting recommended pref browser.tabs.disableBackgroundZombification to false
1644958715954	RemoteAgent	DEBUG	Setting recommended pref browser.tabs.unloadOnLowMemory to false
1644958715954	RemoteAgent	DEBUG	Setting recommended pref browser.tabs.warnOnCloseOtherTabs to false
1644958715954	RemoteAgent	DEBUG	Setting recommended pref browser.tabs.warnOnOpen to false
1644958715954	RemoteAgent	DEBUG	Setting recommended pref browser.toolbars.bookmarks.visibility to never
1644958715955	RemoteAgent	DEBUG	Setting recommended pref browser.usedOnWindows10.introURL to 
1644958715955	RemoteAgent	DEBUG	Setting recommended pref browser.urlbar.merino.endpointURL to 
1644958715955	RemoteAgent	DEBUG	Setting recommended pref browser.urlbar.suggest.searches to false
1644958715956	RemoteAgent	DEBUG	Setting recommended pref datareporting.policy.dataSubmissionPolicyAccepted to false
1644958715956	RemoteAgent	DEBUG	Setting recommended pref dom.disable_open_during_load to false
1644958715956	RemoteAgent	DEBUG	Setting recommended pref dom.file.createInChild to true
1644958715957	RemoteAgent	DEBUG	Setting recommended pref dom.max_chrome_script_run_time to 0
1644958715957	RemoteAgent	DEBUG	Setting recommended pref dom.max_script_run_time to 0
1644958715958	RemoteAgent	DEBUG	Setting recommended pref dom.push.connection.enabled to false
1644958715958	RemoteAgent	DEBUG	Setting recommended pref dom.successive_dialog_time_limit to 0
1644958715958	RemoteAgent	DEBUG	Setting recommended pref extensions.getAddons.cache.enabled to false
1644958715958	RemoteAgent	DEBUG	Setting recommended pref extensions.getAddons.discovery.api_url to data:, 
1644958715958	RemoteAgent	DEBUG	Setting recommended pref network.http.prompt-temp-redirect to false
1644958715958	RemoteAgent	DEBUG	Setting recommended pref privacy.trackingprotection.enabled to false
1644958715958	RemoteAgent	DEBUG	Setting recommended pref security.fileuri.strict_origin_policy to false
1644958715959	RemoteAgent	DEBUG	Setting recommended pref security.notification_enable_delay to 0
1644958715959	RemoteAgent	DEBUG	Setting recommended pref signon.autofillForms to false
1644958715960	RemoteAgent	DEBUG	Setting recommended pref signon.rememberSignons to false
1644958715961	RemoteAgent	DEBUG	Setting recommended pref browser.topsites.contile.enabled to false
1644958715961	RemoteAgent	DEBUG	Setting recommended pref browser.contentblocking.features.standard to -tp,tpPrivate,cookieBehavior0,-cm,-fp
1644958715961	RemoteAgent	DEBUG	Setting recommended pref network.cookie.cookieBehavior to 0
1644958715965	Marionette	TRACE	Received observer notification marionette-startup-requested
1644958715965	Marionette	TRACE	Waiting until startup recorder finished recording startup scripts...
DevTools listening on ws://localhost:49707/devtools/browser/e1512142-9dfd-4660-8142-79138e7faa2a
1644958715991	Marionette	TRACE	All scripts recorded.
1644958715991	RemoteAgent	DEBUG	Setting recommended pref dom.disable_beforeunload to true
1644958715992	Marionette	INFO	Listening on port 37707
1644958715993	Marionette	DEBUG	Marionette is listening
1644958716069	Marionette	DEBUG	Accepted connection 0 from 127.0.0.1:47592
1644958716072	geckodriver::marionette	DEBUG	Connection to Marionette established on 127.0.0.1:37707.
1644958716076	Marionette	DEBUG	0 -> [0,1,"WebDriver:NewSession",{"acceptInsecureCerts":true,"browserName":"firefox","pageLoadStrategy":"normal"}]
1644958716117	RemoteAgent	WARN	TLS certificate errors will be ignored for this session
1644958716126	Marionette	DEBUG	0 <- [1,1,null,{"sessionId":"beecff46-e8cd-4b30-b071-4addc57910d5","capabilities":{"browserName":"firefox","browserVersion":"96.0" ... ofile8xMXwA","moz:shutdownTimeout":60000,"moz:useNonSpecCompliantPointerOrigin":false,"moz:webdriverClick":true,"proxy":{}}}]
1644958716136	webdriver::server	DEBUG	<- 200 OK {"value":{"sessionId":"beecff46-e8cd-4b30-b071-4addc57910d5","capabilities":{"acceptInsecureCerts":true,"browserName":"firefox","browserVersion":"96.0","moz:accessibilityChecks":false,"moz:buildID":"20220106144528","moz:debuggerAddress":"localhost:49707","moz:geckodriverVersion":"0.30.0","moz:headless":true,"moz:processID":1933,"moz:profile":"/tmp/rust_mozprofile8xMXwA","moz:shutdownTimeout":60000,"moz:useNonSpecCompliantPointerOrigin":false,"moz:webdriverClick":true,"pageLoadStrategy":"normal","platformName":"linux","platformVersion":"5.11.0-1028-azure","proxy":{},"setWindowRect":true,"strictFileInteractability":false,"timeouts":{"implicit":0,"pageLoad":300000,"script":30000},"unhandledPromptBehavior":"dismiss and notify"}}}
1644958716138	webdriver::server	DEBUG	-> POST /session/beecff46-e8cd-4b30-b071-4addc57910d5/timeouts {"pageLoad": 60000}
1644958716139	Marionette	DEBUG	0 -> [0,2,"WebDriver:SetTimeouts",{"pageLoad":60000}]
1644958716139	Marionette	DEBUG	0 <- [1,2,null,{"value":null}]
1644958716139	webdriver::server	DEBUG	<- 200 OK {"value":null}
1644958716143	Marionette	DEBUG	Closed connection 0
1644958910306	geckodriver	INFO	Listening on 127.0.0.1:33175
1644958910611	mozrunner::runner	INFO	Running command: "/usr/bin/firefox" "--marionette" "--headless" "--remote-debugging-port" "47201" "-no-remote" "-profile" "/tmp/rust_mozprofilekWydVA"
1644958910620	geckodriver::marionette	DEBUG	Waiting 60s to connect to browser on 127.0.0.1:44219
1644958910620	geckodriver::marionette	TRACE	Connection refused (os error 111). Retrying in 100ms
1644958910721	geckodriver::marionette	TRACE	Connection refused (os error 111). Retrying in 100ms
1644958910821	geckodriver::marionette	TRACE	Connection refused (os error 111). Retrying in 100ms
1644958910921	geckodriver::marionette	TRACE	Connection refused (os error 111). Retrying in 100ms
1644958911021	geckodriver::marionette	TRACE	Connection refused (os error 111). Retrying in 100ms
1644958911121	geckodriver::marionette	TRACE	Connection refused (os error 111). Retrying in 100ms
1644958911222	geckodriver::marionette	TRACE	Connection refused (os error 111). Retrying in 100ms
1644958911322	geckodriver::marionette	TRACE	Connection refused (os error 111). Retrying in 100ms
1644958911422	geckodriver::marionette	TRACE	Connection refused (os error 111). Retrying in 100ms
1644958911522	geckodriver::marionette	TRACE	Connection refused (os error 111). Retrying in 100ms
1644958911623	geckodriver::marionette	TRACE	Connection refused (os error 111). Retrying in 100ms
1644958911723	geckodriver::marionette	TRACE	Connection refused (os error 111). Retrying in 100ms
1644958911823	geckodriver::marionette	TRACE	Connection refused (os error 111). Retrying in 100ms
1644958911923	geckodriver::marionette	TRACE	Connection refused (os error 111). Retrying in 100ms
1644958912023	geckodriver::marionette	TRACE	Connection refused (os error 111). Retrying in 100ms
1644958912124	geckodriver::marionette	TRACE	Connection refused (os error 111). Retrying in 100ms
1644958912224	geckodriver::marionette	TRACE	Connection refused (os error 111). Retrying in 100ms
*** You are running in headless mode.
1644958912324	geckodriver::marionette	TRACE	Connection refused (os error 111). Retrying in 100ms
1644958912424	geckodriver::marionette	TRACE	Connection refused (os error 111). Retrying in 100ms
1644958912524	geckodriver::marionette	TRACE	Connection refused (os error 111). Retrying in 100ms
1644958912625	geckodriver::marionette	TRACE	Connection refused (os error 111). Retrying in 100ms
1644958912725	geckodriver::marionette	TRACE	Connection refused (os error 111). Retrying in 100ms
1644958912825	geckodriver::marionette	TRACE	Connection refused (os error 111). Retrying in 100ms
1644958912925	geckodriver::marionette	TRACE	Connection refused (os error 111). Retrying in 100ms
1644958913025	geckodriver::marionette	TRACE	Connection refused (os error 111). Retrying in 100ms
1644958913126	geckodriver::marionette	TRACE	Connection refused (os error 111). Retrying in 100ms
1644958913226	geckodriver::marionette	TRACE	Connection refused (os error 111). Retrying in 100ms
1644958913326	geckodriver::marionette	TRACE	Connection refused (os error 111). Retrying in 100ms
1644958913426	geckodriver::marionette	TRACE	Connection refused (os error 111). Retrying in 100ms
1644958913527	geckodriver::marionette	TRACE	Connection refused (os error 111). Retrying in 100ms
1644958913627	geckodriver::marionette	TRACE	Connection refused (os error 111). Retrying in 100ms
1644958913727	geckodriver::marionette	TRACE	Connection refused (os error 111). Retrying in 100ms
1644958913827	geckodriver::marionette	TRACE	Connection refused (os error 111). Retrying in 100ms
1644958913927	geckodriver::marionette	TRACE	Connection refused (os error 111). Retrying in 100ms
1644958914028	geckodriver::marionette	TRACE	Connection refused (os error 111). Retrying in 100ms
1644958914128	geckodriver::marionette	TRACE	Connection refused (os error 111). Retrying in 100ms
1644958914228	geckodriver::marionette	TRACE	Connection refused (os error 111). Retrying in 100ms
1644958914328	geckodriver::marionette	TRACE	Connection refused (os error 111). Retrying in 100ms
1644958914428	geckodriver::marionette	TRACE	Connection refused (os error 111). Retrying in 100ms
1644958914529	geckodriver::marionette	TRACE	Connection refused (os error 111). Retrying in 100ms
1644958914629	geckodriver::marionette	TRACE	Connection refused (os error 111). Retrying in 100ms
1644958914729	geckodriver::marionette	TRACE	Connection refused (os error 111). Retrying in 100ms
1644958914830	geckodriver::marionette	TRACE	Connection refused (os error 111). Retrying in 100ms
1644958914930	geckodriver::marionette	TRACE	Connection refused (os error 111). Retrying in 100ms
1644958915030	geckodriver::marionette	TRACE	Connection refused (os error 111). Retrying in 100ms
1644958915131	geckodriver::marionette	TRACE	Connection refused (os error 111). Retrying in 100ms
1644958915231	geckodriver::marionette	TRACE	Connection refused (os error 111). Retrying in 100ms
1644958915331	geckodriver::marionette	TRACE	Connection refused (os error 111). Retrying in 100ms
1644958915431	geckodriver::marionette	TRACE	Connection refused (os error 111). Retrying in 100ms
1644958915532	geckodriver::marionette	TRACE	Connection refused (os error 111). Retrying in 100ms
1644958915632	geckodriver::marionette	TRACE	Connection refused (os error 111). Retrying in 100ms
1644958915732	geckodriver::marionette	TRACE	Connection refused (os error 111). Retrying in 100ms
1644958915832	geckodriver::marionette	TRACE	Connection refused (os error 111). Retrying in 100ms
1644958915933	geckodriver::marionette	TRACE	Connection refused (os error 111). Retrying in 100ms
1644958916033	geckodriver::marionette	TRACE	Connection refused (os error 111). Retrying in 100ms
1644958916133	geckodriver::marionette	TRACE	Connection refused (os error 111). Retrying in 100ms
1644958916233	geckodriver::marionette	TRACE	Connection refused (os error 111). Retrying in 100ms
1644958916334	geckodriver::marionette	TRACE	Connection refused (os error 111). Retrying in 100ms
1644958916434	geckodriver::marionette	TRACE	Connection refused (os error 111). Retrying in 100ms
1644958916534	geckodriver::marionette	TRACE	Connection refused (os error 111). Retrying in 100ms
1644958916634	geckodriver::marionette	TRACE	Connection refused (os error 111). Retrying in 100ms
1644958916734	geckodriver::marionette	TRACE	Connection refused (os error 111). Retrying in 100ms
1644958916835	geckodriver::marionette	TRACE	Connection refused (os error 111). Retrying in 100ms
1644958916935	geckodriver::marionette	TRACE	Connection refused (os error 111). Retrying in 100ms
1644958917035	geckodriver::marionette	TRACE	Connection refused (os error 111). Retrying in 100ms
1644958917135	geckodriver::marionette	TRACE	Connection refused (os error 111). Retrying in 100ms
1644958917235	geckodriver::marionette	TRACE	Connection refused (os error 111). Retrying in 100ms
1644958917336	geckodriver::marionette	TRACE	Connection refused (os error 111). Retrying in 100ms
1644958917436	geckodriver::marionette	TRACE	Connection refused (os error 111). Retrying in 100ms
1644958917536	geckodriver::marionette	TRACE	Connection refused (os error 111). Retrying in 100ms
1644958917636	geckodriver::marionette	TRACE	Connection refused (os error 111). Retrying in 100ms
1644958917736	geckodriver::marionette	TRACE	Connection refused (os error 111). Retrying in 100ms
1644958917837	geckodriver::marionette	TRACE	Connection refused (os error 111). Retrying in 100ms
1644958917937	geckodriver::marionette	TRACE	Connection refused (os error 111). Retrying in 100ms
1644958918037	geckodriver::marionette	TRACE	Connection refused (os error 111). Retrying in 100ms
1644958918137	geckodriver::marionette	TRACE	Connection refused (os error 111). Retrying in 100ms
1644958918238	geckodriver::marionette	TRACE	Connection refused (os error 111). Retrying in 100ms
1644958918338	geckodriver::marionette	TRACE	Connection refused (os error 111). Retrying in 100ms
1644958918438	geckodriver::marionette	TRACE	Connection refused (os error 111). Retrying in 100ms
1644958918539	geckodriver::marionette	TRACE	Connection refused (os error 111). Retrying in 100ms
1644958918639	geckodriver::marionette	TRACE	Connection refused (os error 111). Retrying in 100ms
1644958918739	geckodriver::marionette	TRACE	Connection refused (os error 111). Retrying in 100ms
1644958918839	geckodriver::marionette	TRACE	Connection refused (os error 111). Retrying in 100ms
1644958918940	geckodriver::marionette	TRACE	Connection refused (os error 111). Retrying in 100ms
1644958919040	geckodriver::marionette	TRACE	Connection refused (os error 111). Retrying in 100ms
1644958919140	geckodriver::marionette	TRACE	Connection refused (os error 111). Retrying in 100ms
1644958919240	geckodriver::marionette	TRACE	Connection refused (os error 111). Retrying in 100ms
1644958919340	geckodriver::marionette	TRACE	Connection refused (os error 111). Retrying in 100ms
1644958919441	geckodriver::marionette	TRACE	Connection refused (os error 111). Retrying in 100ms
1644958919541	geckodriver::marionette	TRACE	Connection refused (os error 111). Retrying in 100ms
1644958919641	geckodriver::marionette	TRACE	Connection refused (os error 111). Retrying in 100ms
1644958919741	geckodriver::marionette	TRACE	Connection refused (os error 111). Retrying in 100ms
1644958919842	geckodriver::marionette	TRACE	Connection refused (os error 111). Retrying in 100ms
1644958919942	geckodriver::marionette	TRACE	Connection refused (os error 111). Retrying in 100ms
1644958920042	geckodriver::marionette	TRACE	Connection refused (os error 111). Retrying in 100ms
1644958920143	geckodriver::marionette	TRACE	Connection refused (os error 111). Retrying in 100ms
1644958920243	geckodriver::marionette	TRACE	Connection refused (os error 111). Retrying in 100ms
1644958920343	geckodriver::marionette	TRACE	Connection refused (os error 111). Retrying in 100ms
1644958920443	geckodriver::marionette	TRACE	Connection refused (os error 111). Retrying in 100ms
1644958920544	geckodriver::marionette	TRACE	Connection refused (os error 111). Retrying in 100ms
1644958920644	geckodriver::marionette	TRACE	Connection refused (os error 111). Retrying in 100ms
1644958920744	geckodriver::marionette	TRACE	Connection refused (os error 111). Retrying in 100ms
1644958920844	geckodriver::marionette	TRACE	Connection refused (os error 111). Retrying in 100ms
1644958920945	geckodriver::marionette	TRACE	Connection refused (os error 111). Retrying in 100ms
1644958921045	geckodriver::marionette	TRACE	Connection refused (os error 111). Retrying in 100ms
1644958921146	geckodriver::marionette	TRACE	Connection refused (os error 111). Retrying in 100ms
1644958921246	geckodriver::marionette	TRACE	Connection refused (os error 111). Retrying in 100ms
1644958921346	geckodriver::marionette	TRACE	Connection refused (os error 111). Retrying in 100ms
1644958921446	geckodriver::marionette	TRACE	Connection refused (os error 111). Retrying in 100ms
1644958921547	geckodriver::marionette	TRACE	Connection refused (os error 111). Retrying in 100ms
1644958921647	geckodriver::marionette	TRACE	Connection refused (os error 111). Retrying in 100ms
1644958921747	geckodriver::marionette	TRACE	Connection refused (os error 111). Retrying in 100ms
1644958921847	geckodriver::marionette	TRACE	Connection refused (os error 111). Retrying in 100ms
1644958921948	geckodriver::marionette	TRACE	Connection refused (os error 111). Retrying in 100ms
1644958922048	geckodriver::marionette	TRACE	Connection refused (os error 111). Retrying in 100ms
1644958922148	geckodriver::marionette	TRACE	Connection refused (os error 111). Retrying in 100ms
1644958922248	geckodriver::marionette	TRACE	Connection refused (os error 111). Retrying in 100ms
1644958922349	geckodriver::marionette	TRACE	Connection refused (os error 111). Retrying in 100ms
1644958922449	geckodriver::marionette	TRACE	Connection refused (os error 111). Retrying in 100ms
1644958922549	geckodriver::marionette	TRACE	Connection refused (os error 111). Retrying in 100ms
[GFX1-]: glxtest: Unable to open a connection to the X server
[GFX1-]: glxtest: libEGL missing
1644958922650	geckodriver::marionette	TRACE	Connection refused (os error 111). Retrying in 100ms
1644958922750	geckodriver::marionette	TRACE	Connection refused (os error 111). Retrying in 100ms
1644958922850	geckodriver::marionette	TRACE	Connection refused (os error 111). Retrying in 100ms
1644958922950	geckodriver::marionette	TRACE	Connection refused (os error 111). Retrying in 100ms
1644958923051	geckodriver::marionette	TRACE	Connection refused (os error 111). Retrying in 100ms
1644958923151	geckodriver::marionette	TRACE	Connection refused (os error 111). Retrying in 100ms
1644958923251	geckodriver::marionette	TRACE	Connection refused (os error 111). Retrying in 100ms
1644958923351	geckodriver::marionette	TRACE	Connection refused (os error 111). Retrying in 100ms
1644958923452	geckodriver::marionette	TRACE	Connection refused (os error 111). Retrying in 100ms
1644958923552	geckodriver::marionette	TRACE	Connection refused (os error 111). Retrying in 100ms
1644958923622	RemoteAgent	DEBUG	CDP enabled
1644958923622	Marionette	INFO	Marionette enabled
1644958923652	geckodriver::marionette	TRACE	Connection refused (os error 111). Retrying in 100ms
1644958923752	geckodriver::marionette	TRACE	Connection refused (os error 111). Retrying in 100ms
1644958923853	geckodriver::marionette	TRACE	Connection refused (os error 111). Retrying in 100ms
1644958923953	geckodriver::marionette	TRACE	Connection refused (os error 111). Retrying in 100ms
1644958924053	geckodriver::marionette	TRACE	Connection refused (os error 111). Retrying in 100ms
1644958924153	geckodriver::marionette	TRACE	Connection refused (os error 111). Retrying in 100ms
1644958924254	geckodriver::marionette	TRACE	Connection refused (os error 111). Retrying in 100ms
1644958924354	geckodriver::marionette	TRACE	Connection refused (os error 111). Retrying in 100ms
1644958924454	geckodriver::marionette	TRACE	Connection refused (os error 111). Retrying in 100ms
1644958924554	geckodriver::marionette	TRACE	Connection refused (os error 111). Retrying in 100ms
1644958924654	geckodriver::marionette	TRACE	Connection refused (os error 111). Retrying in 100ms
1644958924755	geckodriver::marionette	TRACE	Connection refused (os error 111). Retrying in 100ms
1644958924849	Marionette	TRACE	Received observer notification toplevel-window-ready
1644958924855	geckodriver::marionette	TRACE	Connection refused (os error 111). Retrying in 100ms
1644958924955	geckodriver::marionette	TRACE	Connection refused (os error 111). Retrying in 100ms
1644958925055	geckodriver::marionette	TRACE	Connection refused (os error 111). Retrying in 100ms
1644958925156	geckodriver::marionette	TRACE	Connection refused (os error 111). Retrying in 100ms
1644958925256	geckodriver::marionette	TRACE	Connection refused (os error 111). Retrying in 100ms
1644958925356	geckodriver::marionette	TRACE	Connection refused (os error 111). Retrying in 100ms
1644958925456	geckodriver::marionette	TRACE	Connection refused (os error 111). Retrying in 100ms
1644958925557	geckodriver::marionette	TRACE	Connection refused (os error 111). Retrying in 100ms
1644958925657	geckodriver::marionette	TRACE	Connection refused (os error 111). Retrying in 100ms
1644958925757	geckodriver::marionette	TRACE	Connection refused (os error 111). Retrying in 100ms
1644958925857	geckodriver::marionette	TRACE	Connection refused (os error 111). Retrying in 100ms
1644958925958	geckodriver::marionette	TRACE	Connection refused (os error 111). Retrying in 100ms
1644958926058	geckodriver::marionette	TRACE	Connection refused (os error 111). Retrying in 100ms
1644958926158	geckodriver::marionette	TRACE	Connection refused (os error 111). Retrying in 100ms
1644958926258	geckodriver::marionette	TRACE	Connection refused (os error 111). Retrying in 100ms
1644958926358	geckodriver::marionette	TRACE	Connection refused (os error 111). Retrying in 100ms
1644958926459	geckodriver::marionette	TRACE	Connection refused (os error 111). Retrying in 100ms
1644958926559	geckodriver::marionette	TRACE	Connection refused (os error 111). Retrying in 100ms
1644958926659	geckodriver::marionette	TRACE	Connection refused (os error 111). Retrying in 100ms
1644958926760	geckodriver::marionette	TRACE	Connection refused (os error 111). Retrying in 100ms
1644958926860	geckodriver::marionette	TRACE	Connection refused (os error 111). Retrying in 100ms
1644958926960	geckodriver::marionette	TRACE	Connection refused (os error 111). Retrying in 100ms
1644958927060	geckodriver::marionette	TRACE	Connection refused (os error 111). Retrying in 100ms
1644958927161	geckodriver::marionette	TRACE	Connection refused (os error 111). Retrying in 100ms
1644958927261	geckodriver::marionette	TRACE	Connection refused (os error 111). Retrying in 100ms
1644958927361	geckodriver::marionette	TRACE	Connection refused (os error 111). Retrying in 100ms
[GFX1-]: RenderCompositorSWGL failed mapping default framebuffer, no dt
1644958927461	geckodriver::marionette	TRACE	Connection refused (os error 111). Retrying in 100ms
1644958927562	geckodriver::marionette	TRACE	Connection refused (os error 111). Retrying in 100ms
1644958927662	geckodriver::marionette	TRACE	Connection refused (os error 111). Retrying in 100ms
1644958927762	geckodriver::marionette	TRACE	Connection refused (os error 111). Retrying in 100ms
1644958927862	geckodriver::marionette	TRACE	Connection refused (os error 111). Retrying in 100ms
1644958927963	geckodriver::marionette	TRACE	Connection refused (os error 111). Retrying in 100ms
console.warn: SearchSettings: "get: No settings file exists, new profile?" (new NotFoundError("Could not open the file at /tmp/rust_mozprofilekWydVA/search.json.mozlz4", (void 0)))
1644958928063	geckodriver::marionette	TRACE	Connection refused (os error 111). Retrying in 100ms
1644958928163	geckodriver::marionette	TRACE	Connection refused (os error 111). Retrying in 100ms
1644958928263	geckodriver::marionette	TRACE	Connection refused (os error 111). Retrying in 100ms
1644958928364	geckodriver::marionette	TRACE	Connection refused (os error 111). Retrying in 100ms
1644958928464	geckodriver::marionette	TRACE	Connection refused (os error 111). Retrying in 100ms
1644958928564	geckodriver::marionette	TRACE	Connection refused (os error 111). Retrying in 100ms
1644958928664	geckodriver::marionette	TRACE	Connection refused (os error 111). Retrying in 100ms
1644958928764	geckodriver::marionette	TRACE	Connection refused (os error 111). Retrying in 100ms
1644958928864	geckodriver::marionette	TRACE	Connection refused (os error 111). Retrying in 100ms
1644958928965	geckodriver::marionette	TRACE	Connection refused (os error 111). Retrying in 100ms
1644958929065	geckodriver::marionette	TRACE	Connection refused (os error 111). Retrying in 100ms
1644958929165	geckodriver::marionette	TRACE	Connection refused (os error 111). Retrying in 100ms
1644958929238	RemoteAgent	TRACE	Received observer notification remote-startup-requested
1644958929265	geckodriver::marionette	TRACE	Connection refused (os error 111). Retrying in 100ms
1644958929268	RemoteAgent	DEBUG	Setting recommended pref apz.content_response_timeout to 60000
1644958929268	RemoteAgent	DEBUG	Setting recommended pref browser.contentblocking.introCount to 99
1644958929269	RemoteAgent	DEBUG	Setting recommended pref browser.download.panel.shown to true
1644958929269	RemoteAgent	DEBUG	Setting recommended pref browser.newtabpage.enabled to false
1644958929271	RemoteAgent	DEBUG	Setting recommended pref browser.pagethumbnails.capturing_disabled to true
1644958929271	RemoteAgent	DEBUG	Setting recommended pref browser.search.update to false
1644958929271	RemoteAgent	DEBUG	Setting recommended pref browser.tabs.disableBackgroundZombification to false
1644958929272	RemoteAgent	DEBUG	Setting recommended pref browser.tabs.unloadOnLowMemory to false
1644958929272	RemoteAgent	DEBUG	Setting recommended pref browser.tabs.warnOnCloseOtherTabs to false
1644958929272	RemoteAgent	DEBUG	Setting recommended pref browser.tabs.warnOnOpen to false
1644958929272	RemoteAgent	DEBUG	Setting recommended pref browser.toolbars.bookmarks.visibility to never
1644958929273	RemoteAgent	DEBUG	Setting recommended pref browser.usedOnWindows10.introURL to 
1644958929273	RemoteAgent	DEBUG	Setting recommended pref browser.urlbar.merino.endpointURL to 
1644958929273	RemoteAgent	DEBUG	Setting recommended pref browser.urlbar.suggest.searches to false
1644958929274	RemoteAgent	DEBUG	Setting recommended pref datareporting.policy.dataSubmissionPolicyAccepted to false
1644958929275	RemoteAgent	DEBUG	Setting recommended pref dom.disable_open_during_load to false
1644958929275	RemoteAgent	DEBUG	Setting recommended pref dom.file.createInChild to true
1644958929275	RemoteAgent	DEBUG	Setting recommended pref dom.max_chrome_script_run_time to 0
1644958929275	RemoteAgent	DEBUG	Setting recommended pref dom.max_script_run_time to 0
1644958929276	RemoteAgent	DEBUG	Setting recommended pref dom.push.connection.enabled to false
1644958929277	RemoteAgent	DEBUG	Setting recommended pref dom.successive_dialog_time_limit to 0
1644958929277	RemoteAgent	DEBUG	Setting recommended pref extensions.getAddons.cache.enabled to false
1644958929277	RemoteAgent	DEBUG	Setting recommended pref extensions.getAddons.discovery.api_url to data:, 
1644958929277	RemoteAgent	DEBUG	Setting recommended pref network.http.prompt-temp-redirect to false
1644958929277	RemoteAgent	DEBUG	Setting recommended pref privacy.trackingprotection.enabled to false
1644958929277	RemoteAgent	DEBUG	Setting recommended pref security.fileuri.strict_origin_policy to false
1644958929278	RemoteAgent	DEBUG	Setting recommended pref security.notification_enable_delay to 0
1644958929278	RemoteAgent	DEBUG	Setting recommended pref signon.autofillForms to false
1644958929279	RemoteAgent	DEBUG	Setting recommended pref signon.rememberSignons to false
1644958929280	RemoteAgent	DEBUG	Setting recommended pref browser.topsites.contile.enabled to false
1644958929281	RemoteAgent	DEBUG	Setting recommended pref browser.contentblocking.features.standard to -tp,tpPrivate,cookieBehavior0,-cm,-fp
1644958929281	RemoteAgent	DEBUG	Setting recommended pref network.cookie.cookieBehavior to 0
1644958929285	Marionette	TRACE	Received observer notification marionette-startup-requested
1644958929285	Marionette	TRACE	Waiting until startup recorder finished recording startup scripts...
DevTools listening on ws://localhost:47201/devtools/browser/9c83755b-94e3-474f-b3cd-b3107991c4e5
1644958929366	geckodriver::marionette	TRACE	Connection refused (os error 111). Retrying in 100ms
1644958929370	Marionette	TRACE	All scripts recorded.
1644958929370	RemoteAgent	DEBUG	Setting recommended pref dom.disable_beforeunload to true
1644958929371	Marionette	INFO	Listening on port 44219
1644958929372	Marionette	DEBUG	Marionette is listening
1644958929556	Marionette	DEBUG	Accepted connection 0 from 127.0.0.1:56308
1644958929561	geckodriver::marionette	DEBUG	Connection to Marionette established on 127.0.0.1:44219.
1644958929566	Marionette	DEBUG	0 -> [0,1,"WebDriver:NewSession",{"acceptInsecureCerts":true,"browserName":"firefox","pageLoadStrategy":"normal"}]
1644958929585	RemoteAgent	WARN	TLS certificate errors will be ignored for this session
1644958929595	Marionette	DEBUG	0 <- [1,1,null,{"sessionId":"4cbaf46b-4ec5-4e34-adbb-065f5039cdfa","capabilities":{"browserName":"firefox","browserVersion":"96.0" ... ofilekWydVA","moz:shutdownTimeout":60000,"moz:useNonSpecCompliantPointerOrigin":false,"moz:webdriverClick":true,"proxy":{}}}]
1644958929604	webdriver::server	DEBUG	<- 200 OK {"value":{"sessionId":"4cbaf46b-4ec5-4e34-adbb-065f5039cdfa","capabilities":{"acceptInsecureCerts":true,"browserName":"firefox","browserVersion":"96.0","moz:accessibilityChecks":false,"moz:buildID":"20220106144528","moz:debuggerAddress":"localhost:47201","moz:geckodriverVersion":"0.30.0","moz:headless":true,"moz:processID":1936,"moz:profile":"/tmp/rust_mozprofilekWydVA","moz:shutdownTimeout":60000,"moz:useNonSpecCompliantPointerOrigin":false,"moz:webdriverClick":true,"pageLoadStrategy":"normal","platformName":"linux","platformVersion":"5.11.0-1028-azure","proxy":{},"setWindowRect":true,"strictFileInteractability":false,"timeouts":{"implicit":0,"pageLoad":300000,"script":30000},"unhandledPromptBehavior":"dismiss and notify"}}}
1644958929607	webdriver::server	DEBUG	-> POST /session/4cbaf46b-4ec5-4e34-adbb-065f5039cdfa/timeouts {"pageLoad": 60000}
1644958929608	Marionette	DEBUG	0 -> [0,2,"WebDriver:SetTimeouts",{"pageLoad":60000}]
1644958929608	Marionette	DEBUG	0 <- [1,2,null,{"value":null}]
1644958929609	webdriver::server	DEBUG	<- 200 OK {"value":null}
1644958929610	webdriver::server	DEBUG	-> POST /session/4cbaf46b-4ec5-4e34-adbb-065f5039cdfa/url {"url": "http://www.geomop.cl/VisorObras/#/home"}
1644958929610	Marionette	DEBUG	0 -> [0,3,"WebDriver:Navigate",{"url":"http://www.geomop.cl/VisorObras/#/home"}]
1644958929616	Marionette	TRACE	[23] Received event beforeunload for about:blank
1644958930162	Marionette	TRACE	[23] Received event pagehide for about:blank
1644958969896	Marionette	TRACE	[23] Received event DOMContentLoaded for http://www.geomop.cl/VisorObras/#/home
JavaScript warning: https://js.arcgis.com/4.19/esri/views/MapView.js, line 424: WebGL warning: <Create>: WebglAllowWindowsNativeGl:false restricts context creation on this system.
JavaScript warning: https://js.arcgis.com/4.19/esri/views/MapView.js, line 424: Failed to create WebGL context: WebGL creation failed: 
* WebglAllowWindowsNativeGl:false restricts context creation on this system. ()
* Exhausted GL driver options. (FEATURE_FAILURE_WEBGL_EXHAUSTED_DRIVERS)
JavaScript warning: https://js.arcgis.com/4.19/esri/views/MapView.js, line 424: WebGL warning: <Create>: WebglAllowWindowsNativeGl:false restricts context creation on this system.
JavaScript warning: https://js.arcgis.com/4.19/esri/views/MapView.js, line 424: Failed to create WebGL context: WebGL creation failed: 
* WebglAllowWindowsNativeGl:false restricts context creation on this system. ()
* Exhausted GL driver options. (FEATURE_FAILURE_WEBGL_EXHAUSTED_DRIVERS)
JavaScript warning: https://js.arcgis.com/4.19/esri/views/MapView.js, line 424: WebGL warning: <Create>: WebglAllowWindowsNativeGl:false restricts context creation on this system.
JavaScript warning: https://js.arcgis.com/4.19/esri/views/MapView.js, line 424: Failed to create WebGL context: WebGL creation failed: 
* WebglAllowWindowsNativeGl:false restricts context creation on this system. ()
* Exhausted GL driver options. (FEATURE_FAILURE_WEBGL_EXHAUSTED_DRIVERS)
JavaScript warning: https://js.arcgis.com/4.19/esri/views/MapView.js, line 424: WebGL warning: <Create>: WebglAllowWindowsNativeGl:false restricts context creation on this system.
JavaScript warning: https://js.arcgis.com/4.19/esri/views/MapView.js, line 424: Failed to create WebGL context: WebGL creation failed: 
* WebglAllowWindowsNativeGl:false restricts context creation on this system. ()
* Exhausted GL driver options. (FEATURE_FAILURE_WEBGL_EXHAUSTED_DRIVERS)
1644958971174	Marionette	TRACE	[23] Received event pageshow for http://www.geomop.cl/VisorObras/#/home
1644958971179	Marionette	DEBUG	0 <- [1,3,null,{"value":null}]
1644958971189	webdriver::server	DEBUG	<- 200 OK {"value":null}
1644958971191	webdriver::server	DEBUG	-> POST /session/4cbaf46b-4ec5-4e34-adbb-065f5039cdfa/element {"using": "xpath", "value": "/html/body/app-root/app-home/div/app-filter/div/section/button[2]"}
1644958971203	Marionette	DEBUG	0 -> [0,4,"WebDriver:FindElement",{"using":"xpath","value":"/html/body/app-root/app-home/div/app-filter/div/section/button[2]"}]
1644958971609	Marionette	TRACE	[23] MarionetteCommands actor created for window id 4294967298
1644958971646	Marionette	DEBUG	0 <- [1,4,null,{"value":{"element-6066-11e4-a52e-4f735466cecf":"f5f16391-2bfa-4313-b384-6ab5a3699244"}}]
1644958971649	webdriver::server	DEBUG	<- 200 OK {"value":{"element-6066-11e4-a52e-4f735466cecf":"f5f16391-2bfa-4313-b384-6ab5a3699244"}}
1644958971651	webdriver::server	DEBUG	-> POST /session/4cbaf46b-4ec5-4e34-adbb-065f5039cdfa/element/f5f16391-2bfa-4313-b384-6ab5a3699244/click {"id": "f5f16391-2bfa-4313-b384-6ab5a3699244"}
1644958971651	Marionette	DEBUG	0 -> [0,5,"WebDriver:ElementClick",{"id":"f5f16391-2bfa-4313-b384-6ab5a3699244"}]
1644958972058	Marionette	TRACE	Received DOM event click for [object HTMLSpanElement]
1644958972309	Marionette	TRACE	Canceled page load listener because no navigation has been detected
1644958972310	Marionette	DEBUG	0 <- [1,5,null,{"value":null}]
1644958972310	webdriver::server	DEBUG	<- 200 OK {"value":null}
1644958972312	webdriver::server	DEBUG	-> POST /session/4cbaf46b-4ec5-4e34-adbb-065f5039cdfa/element {"using": "xpath", "value": "/html/body/div[4]/div[2]/div/div/div/button[3]"}
1644958972312	Marionette	DEBUG	0 -> [0,6,"WebDriver:FindElement",{"using":"xpath","value":"/html/body/div[4]/div[2]/div/div/div/button[3]"}]
1644958972314	Marionette	DEBUG	0 <- [1,6,{"error":"no such element","message":"Unable to locate element: /html/body/div[4]/div[2]/div/div/div/button[3]","stacktr ... te/content/shared/webdriver/Errors.jsm:395:5\nelement.find/</<@chrome://remote/content/marionette/element.js:300:16\n"},null]
1644958972315	webdriver::server	DEBUG	<- 404 Not Found {"value":{"error":"no such element","message":"Unable to locate element: /html/body/div[4]/div[2]/div/div/div/button[3]","stacktrace":"WebDriverError@chrome://remote/content/shared/webdriver/Errors.jsm:183:5\nNoSuchElementError@chrome://remote/content/shared/webdriver/Errors.jsm:395:5\nelement.find/</<@chrome://remote/content/marionette/element.js:300:16\n"}}
1644958972315	webdriver::server	DEBUG	-> POST /session/4cbaf46b-4ec5-4e34-adbb-065f5039cdfa/element {"using": "xpath", "value": "/html/body/div[3]/div[2]/div/div/div/button[3]"}
1644958972316	Marionette	DEBUG	0 -> [0,7,"WebDriver:FindElement",{"using":"xpath","value":"/html/body/div[3]/div[2]/div/div/div/button[3]"}]
1644958972320	Marionette	DEBUG	0 <- [1,7,null,{"value":{"element-6066-11e4-a52e-4f735466cecf":"41cab1c9-df59-4488-89f7-1a92d40ed9b6"}}]
1644958972320	webdriver::server	DEBUG	<- 200 OK {"value":{"element-6066-11e4-a52e-4f735466cecf":"41cab1c9-df59-4488-89f7-1a92d40ed9b6"}}
1644958972321	webdriver::server	DEBUG	-> POST /session/4cbaf46b-4ec5-4e34-adbb-065f5039cdfa/element/41cab1c9-df59-4488-89f7-1a92d40ed9b6/click {"id": "41cab1c9-df59-4488-89f7-1a92d40ed9b6"}
1644958972322	Marionette	DEBUG	0 -> [0,8,"WebDriver:ElementClick",{"id":"41cab1c9-df59-4488-89f7-1a92d40ed9b6"}]
1644958972349	Marionette	TRACE	Received DOM event click for [object HTMLButtonElement]

(firefox:1936): GLib-GObject-CRITICAL **: 21:02:52.459: g_object_get: assertion 'G_IS_OBJECT (object)' failed
1644958972556	Marionette	TRACE	Canceled page load listener because no navigation has been detected
1644958972556	Marionette	DEBUG	0 <- [1,8,null,{"value":null}]
1644958972556	webdriver::server	DEBUG	<- 200 OK {"value":null}
1644958972572	Marionette	DEBUG	Closed connection 0
